17:48:45 **** Clean-only build of configuration Nios II for project lab9_bsp ****
wsl make clean 
[BSP clean complete]
17:48:47 **** Clean-only build of configuration Nios II for project lab9 ****
wsl make clean 
[lab9 clean complete]
20:58:49 **** Build of configuration Nios II for project lab9 ****
wsl make all 
Info: Building /mnt/c/Users/jiaru/GitHub/ECE385-FPGA-lab/lab9/software/lab9_bsp/
make --no-print-directory -C /mnt/c/Users/jiaru/GitHub/ECE385-FPGA-lab/lab9/software/lab9_bsp/
Makefile not up to date.
/mnt/c/Users/jiaru/GitHub/ECE385-FPGA-lab/lab9/lab9_soc.sopcinfo has been modified since the BSP was generated.

Generate the BSP to update the Makefile, and then build again.

To generate from Eclipse:
 1. Right-click the BSP project.
 2. In the Nios II Menu, click Generate BSP.

To generate from the command line:
 nios2-bsp-generate-files --settings=<settings file> --bsp-dir=<target bsp files directory>

make[1]: *** [Makefile:563ï¼špublic.mk] é”™è¯¯ 1
make: *** [Makefile:842ï¼?/mnt/c/Users/jiaru/GitHub/ECE385-FPGA-lab/lab9/software/lab9_bsp/-recurs-make-lib] é”™è¯¯ 2
20:58:50 **** Build of configuration Nios II for project lab9_bsp ****
wsl make all 
Makefile not up to date.
/mnt/c/Users/jiaru/GitHub/ECE385-FPGA-lab/lab9/lab9_soc.sopcinfo has been modified since the BSP was generated.

Generate the BSP to update the Makefile, and then build again.

To generate from Eclipse:
 1. Right-click the BSP project.
 2. In the Nios II Menu, click Generate BSP.

To generate from the command line:
 nios2-bsp-generate-files --settings=<settings file> --bsp-dir=<target bsp files directory>

make: *** [Makefile:563ï¼špublic.mk] é”™è¯¯ 1
21:01:21 **** Incremental Build of configuration Nios II for project lab9 ****
wsl make all 
Info: Building /mnt/c/Users/jiaru/GitHub/ECE385-FPGA-lab/lab9/software/lab9_bsp/
make --no-print-directory -C /mnt/c/Users/jiaru/GitHub/ECE385-FPGA-lab/lab9/software/lab9_bsp/
[BSP build complete]
Info: Compiling main.c to obj/default/main.o
nios2-elf-gcc.exe -xc -MP -MMD -c -Ic:/Users/jiaru/GitHub/ECE385-FPGA-lab/lab9/software/lab9_bsp//HAL/inc -Ic:/Users/jiaru/GitHub/ECE385-FPGA-lab/lab9/software/lab9_bsp/ -Ic:/Users/jiaru/GitHub/ECE385-FPGA-lab/lab9/software/lab9_bsp//drivers/inc  -pipe -D__hal__ -DALT_NO_INSTRUCTION_EMULATION -DALT_SINGLE_THREADED    -O0 -g -Wall   -mno-hw-div -mno-hw-mul -mno-hw-mulx -mgpopt=global  -o obj/default/main.o main.c
main.c: In function 'SubBytes':
main.c:70:23: error: expected expression before 'int'
   70 |   state[i] = aes_sbox[int(state[i])];
      |                       ^~~
main.c: At top level:
main.c:81:57: error: expected ';', ',' or ')' before '*' token
   81 | void AddRoundKey(unsigned char* state, unsigned long [4]* w)
      |                                                         ^
main.c: In function 'MixColumn':
main.c:106:2: warning: this 'for' clause does not guard... [-Wmisleading-indentation]
  106 |  for (i = 0; i < 4; i++)
      |  ^~~
main.c:111:3: note: ...this statement, but the latter is misleadingly indented as if it were guarded by the 'for'
  111 |   b[0] = xtime(a[0]) ^ (xtime(a[1]) ^ a[1]) ^ a[2] ^ a[3];
      |   ^
main.c: At top level:
main.c:119:1: error: expected identifier or '(' before '}' token
  119 | }
      | ^
main.c: In function 'ShiftRows':
main.c:130:3: warning: this 'for' clause does not guard... [-Wmisleading-indentation]
  130 |   for (int i =0; i < row; i++)
      |   ^~~
main.c:132:4: note: ...this statement, but the latter is misleadingly indented as if it were guarded by the 'for'
  132 |    state[4*row] = state[4*row + 1];
      |    ^~~~~
main.c: At top level:
main.c:145:58: error: expected ';', ',' or ')' before '*' token
  145 | void KeyExpansion(unsigned char* key, unsigned long [4*6]* w, unsigned int Nk)
      |                                                          ^
main.c: In function 'encrypt':
main.c:182:2: warning: implicit declaration of function 'KeyExpansion' [-Wimplicit-function-declaration]
  182 |  KeyExpansion(key_ascii, w, Nk);
      |  ^~~~~~~~~~~~
main.c:185:2: warning: implicit declaration of function 'AddRoundKey' [-Wimplicit-function-declaration]
  185 |  AddRoundKey(state, w[0:Nb]);
      |  ^~~~~~~~~~~
main.c:185:24: error: expected ']' before ':' token
  185 |  AddRoundKey(state, w[0:Nb]);
      |                        ^
      |                        ]
main.c:189:3: warning: implicit declaration of function 'SubByRows'; did you mean 'SubBytes'? [-Wimplicit-function-declaration]
  189 |   SubByRows(state);
      |   ^~~~~~~~~
      |   SubBytes
main.c:191:32: error: expected ']' before ':' token
  191 |   AddRoundKey(state, w[Nb*round:Nb*round+Nr]);
      |                                ^
      |                                ]
main.c:195:28: error: expected ']' before ':' token
  195 |  AddRoundKey(state, w[Nb*Nr:Nb*(Nr+1)]);
      |                            ^
      |                            ]
main.c:197:10: warning: assignment to 'unsigned int *' from incompatible pointer type 'unsigned char *' [-Wincompatible-pointer-types]
  197 |  msg_enc = state;
      |          ^
make: *** [Makefile:724ï¼šobj/default/main.o] é”™è¯¯ 1
21:01:21 **** Incremental Build of configuration Nios II for project lab9_bsp ****
wsl make all 
[BSP build complete]
21:11:54 **** Incremental Build of configuration Nios II for project lab9 ****
wsl make all 
Info: Building /mnt/c/Users/jiaru/GitHub/ECE385-FPGA-lab/lab9/software/lab9_bsp/
make --no-print-directory -C /mnt/c/Users/jiaru/GitHub/ECE385-FPGA-lab/lab9/software/lab9_bsp/
Makefile not up to date.
/mnt/c/Users/jiaru/GitHub/ECE385-FPGA-lab/lab9/lab9_soc.sopcinfo has been modified since the BSP was generated.

Generate the BSP to update the Makefile, and then build again.

To generate from Eclipse:
 1. Right-click the BSP project.
 2. In the Nios II Menu, click Generate BSP.

To generate from the command line:
 nios2-bsp-generate-files --settings=<settings file> --bsp-dir=<target bsp files directory>

make[1]: *** [Makefile:563ï¼špublic.mk] é”™è¯¯ 1
make: *** [Makefile:842ï¼?/mnt/c/Users/jiaru/GitHub/ECE385-FPGA-lab/lab9/software/lab9_bsp/-recurs-make-lib] é”™è¯¯ 2
21:11:55 **** Incremental Build of configuration Nios II for project lab9_bsp ****
wsl make all 
Makefile not up to date.
/mnt/c/Users/jiaru/GitHub/ECE385-FPGA-lab/lab9/lab9_soc.sopcinfo has been modified since the BSP was generated.

Generate the BSP to update the Makefile, and then build again.

To generate from Eclipse:
 1. Right-click the BSP project.
 2. In the Nios II Menu, click Generate BSP.

To generate from the command line:
 nios2-bsp-generate-files --settings=<settings file> --bsp-dir=<target bsp files directory>

make: *** [Makefile:563ï¼špublic.mk] é”™è¯¯ 1
21:12:23 **** Incremental Build of configuration Nios II for project lab9 ****
wsl make all 
Info: Building /mnt/c/Users/jiaru/GitHub/ECE385-FPGA-lab/lab9/software/lab9_bsp/
make --no-print-directory -C /mnt/c/Users/jiaru/GitHub/ECE385-FPGA-lab/lab9/software/lab9_bsp/
Compiling alt_alarm_start.c...
nios2-elf-gcc.exe -xc -MP -MMD -c  -I./HAL/inc -I. -I./drivers/inc -pipe -D__hal__ -DALT_NO_INSTRUCTION_EMULATION -DALT_SINGLE_THREADED    -O0 -g -Wall  -mno-hw-div -mno-hw-mul -mno-hw-mulx -mgpopt=global   -o obj/HAL/src/alt_alarm_start.o HAL/src/alt_alarm_start.c
Compiling alt_busy_sleep.c...
nios2-elf-gcc.exe -xc -MP -MMD -c  -I./HAL/inc -I. -I./drivers/inc -pipe -D__hal__ -DALT_NO_INSTRUCTION_EMULATION -DALT_SINGLE_THREADED    -O0 -g -Wall  -mno-hw-div -mno-hw-mul -mno-hw-mulx -mgpopt=global   -o obj/HAL/src/alt_busy_sleep.o HAL/src/alt_busy_sleep.c
Compiling alt_close.c...
nios2-elf-gcc.exe -xc -MP -MMD -c  -I./HAL/inc -I. -I./drivers/inc -pipe -D__hal__ -DALT_NO_INSTRUCTION_EMULATION -DALT_SINGLE_THREADED    -O0 -g -Wall  -mno-hw-div -mno-hw-mul -mno-hw-mulx -mgpopt=global   -o obj/HAL/src/alt_close.o HAL/src/alt_close.c
Compiling alt_dcache_flush.c...
nios2-elf-gcc.exe -xc -MP -MMD -c  -I./HAL/inc -I. -I./drivers/inc -pipe -D__hal__ -DALT_NO_INSTRUCTION_EMULATION -DALT_SINGLE_THREADED    -O0 -g -Wall  -mno-hw-div -mno-hw-mul -mno-hw-mulx -mgpopt=global   -o obj/HAL/src/alt_dcache_flush.o HAL/src/alt_dcache_flush.c
Compiling alt_dcache_flush_all.c...
nios2-elf-gcc.exe -xc -MP -MMD -c  -I./HAL/inc -I. -I./drivers/inc -pipe -D__hal__ -DALT_NO_INSTRUCTION_EMULATION -DALT_SINGLE_THREADED    -O0 -g -Wall  -mno-hw-div -mno-hw-mul -mno-hw-mulx -mgpopt=global   -o obj/HAL/src/alt_dcache_flush_all.o HAL/src/alt_dcache_flush_all.c
Compiling alt_dcache_flush_no_writeback.c...
nios2-elf-gcc.exe -xc -MP -MMD -c  -I./HAL/inc -I. -I./drivers/inc -pipe -D__hal__ -DALT_NO_INSTRUCTION_EMULATION -DALT_SINGLE_THREADED    -O0 -g -Wall  -mno-hw-div -mno-hw-mul -mno-hw-mulx -mgpopt=global   -o obj/HAL/src/alt_dcache_flush_no_writeback.o HAL/src/alt_dcache_flush_no_writeback.c
Compiling alt_dev.c...
nios2-elf-gcc.exe -xc -MP -MMD -c  -I./HAL/inc -I. -I./drivers/inc -pipe -D__hal__ -DALT_NO_INSTRUCTION_EMULATION -DALT_SINGLE_THREADED    -O0 -g -Wall  -mno-hw-div -mno-hw-mul -mno-hw-mulx -mgpopt=global   -o obj/HAL/src/alt_dev.o HAL/src/alt_dev.c
Compiling alt_dma_rxchan_open.c...
nios2-elf-gcc.exe -xc -MP -MMD -c  -I./HAL/inc -I. -I./drivers/inc -pipe -D__hal__ -DALT_NO_INSTRUCTION_EMULATION -DALT_SINGLE_THREADED    -O0 -g -Wall  -mno-hw-div -mno-hw-mul -mno-hw-mulx -mgpopt=global   -o obj/HAL/src/alt_dma_rxchan_open.o HAL/src/alt_dma_rxchan_open.c
Compiling alt_dma_txchan_open.c...
nios2-elf-gcc.exe -xc -MP -MMD -c  -I./HAL/inc -I. -I./drivers/inc -pipe -D__hal__ -DALT_NO_INSTRUCTION_EMULATION -DALT_SINGLE_THREADED    -O0 -g -Wall  -mno-hw-div -mno-hw-mul -mno-hw-mulx -mgpopt=global   -o obj/HAL/src/alt_dma_txchan_open.o HAL/src/alt_dma_txchan_open.c
Compiling alt_ecc_fatal_exception.c...
nios2-elf-gcc.exe -xc -MP -MMD -c  -I./HAL/inc -I. -I./drivers/inc -pipe -D__hal__ -DALT_NO_INSTRUCTION_EMULATION -DALT_SINGLE_THREADED    -O0 -g -Wall  -mno-hw-div -mno-hw-mul -mno-hw-mulx -mgpopt=global   -o obj/HAL/src/alt_ecc_fatal_exception.o HAL/src/alt_ecc_fatal_exception.c
Compiling alt_exception_entry.S...
nios2-elf-gcc.exe -MP -MMD -c   -O0 -g -Wall  -mno-hw-div -mno-hw-mul -mno-hw-mulx -mgpopt=global    -I./HAL/inc -I. -I./drivers/inc -pipe -D__hal__ -DALT_NO_INSTRUCTION_EMULATION -DALT_SINGLE_THREADED  -Wa,-gdwarf2  -o obj/HAL/src/alt_exception_entry.o HAL/src/alt_exception_entry.S
Compiling alt_exit.c...
nios2-elf-gcc.exe -xc -MP -MMD -c  -I./HAL/inc -I. -I./drivers/inc -pipe -D__hal__ -DALT_NO_INSTRUCTION_EMULATION -DALT_SINGLE_THREADED    -O0 -g -Wall  -mno-hw-div -mno-hw-mul -mno-hw-mulx -mgpopt=global   -o obj/HAL/src/alt_exit.o HAL/src/alt_exit.c
Compiling alt_fcntl.c...
nios2-elf-gcc.exe -xc -MP -MMD -c  -I./HAL/inc -I. -I./drivers/inc -pipe -D__hal__ -DALT_NO_INSTRUCTION_EMULATION -DALT_SINGLE_THREADED    -O0 -g -Wall  -mno-hw-div -mno-hw-mul -mno-hw-mulx -mgpopt=global   -o obj/HAL/src/alt_fcntl.o HAL/src/alt_fcntl.c
Compiling alt_fd_lock.c...
nios2-elf-gcc.exe -xc -MP -MMD -c  -I./HAL/inc -I. -I./drivers/inc -pipe -D__hal__ -DALT_NO_INSTRUCTION_EMULATION -DALT_SINGLE_THREADED    -O0 -g -Wall  -mno-hw-div -mno-hw-mul -mno-hw-mulx -mgpopt=global   -o obj/HAL/src/alt_fd_lock.o HAL/src/alt_fd_lock.c
Compiling alt_fd_unlock.c...
nios2-elf-gcc.exe -xc -MP -MMD -c  -I./HAL/inc -I. -I./drivers/inc -pipe -D__hal__ -DALT_NO_INSTRUCTION_EMULATION -DALT_SINGLE_THREADED    -O0 -g -Wall  -mno-hw-div -mno-hw-mul -mno-hw-mulx -mgpopt=global   -o obj/HAL/src/alt_fd_unlock.o HAL/src/alt_fd_unlock.c
Compiling alt_find_dev.c...
nios2-elf-gcc.exe -xc -MP -MMD -c  -I./HAL/inc -I. -I./drivers/inc -pipe -D__hal__ -DALT_NO_INSTRUCTION_EMULATION -DALT_SINGLE_THREADED    -O0 -g -Wall  -mno-hw-div -mno-hw-mul -mno-hw-mulx -mgpopt=global   -o obj/HAL/src/alt_find_dev.o HAL/src/alt_find_dev.c
Compiling alt_find_file.c...
nios2-elf-gcc.exe -xc -MP -MMD -c  -I./HAL/inc -I. -I./drivers/inc -pipe -D__hal__ -DALT_NO_INSTRUCTION_EMULATION -DALT_SINGLE_THREADED    -O0 -g -Wall  -mno-hw-div -mno-hw-mul -mno-hw-mulx -mgpopt=global   -o obj/HAL/src/alt_find_file.o HAL/src/alt_find_file.c
Compiling alt_flash_dev.c...
nios2-elf-gcc.exe -xc -MP -MMD -c  -I./HAL/inc -I. -I./drivers/inc -pipe -D__hal__ -DALT_NO_INSTRUCTION_EMULATION -DALT_SINGLE_THREADED    -O0 -g -Wall  -mno-hw-div -mno-hw-mul -mno-hw-mulx -mgpopt=global   -o obj/HAL/src/alt_flash_dev.o HAL/src/alt_flash_dev.c
Compiling alt_fs_reg.c...
nios2-elf-gcc.exe -xc -MP -MMD -c  -I./HAL/inc -I. -I./drivers/inc -pipe -D__hal__ -DALT_NO_INSTRUCTION_EMULATION -DALT_SINGLE_THREADED    -O0 -g -Wall  -mno-hw-div -mno-hw-mul -mno-hw-mulx -mgpopt=global   -o obj/HAL/src/alt_fs_reg.o HAL/src/alt_fs_reg.c
Compiling alt_fstat.c...
nios2-elf-gcc.exe -xc -MP -MMD -c  -I./HAL/inc -I. -I./drivers/inc -pipe -D__hal__ -DALT_NO_INSTRUCTION_EMULATION -DALT_SINGLE_THREADED    -O0 -g -Wall  -mno-hw-div -mno-hw-mul -mno-hw-mulx -mgpopt=global   -o obj/HAL/src/alt_fstat.o HAL/src/alt_fstat.c
Compiling alt_get_fd.c...
nios2-elf-gcc.exe -xc -MP -MMD -c  -I./HAL/inc -I. -I./drivers/inc -pipe -D__hal__ -DALT_NO_INSTRUCTION_EMULATION -DALT_SINGLE_THREADED    -O0 -g -Wall  -mno-hw-div -mno-hw-mul -mno-hw-mulx -mgpopt=global   -o obj/HAL/src/alt_get_fd.o HAL/src/alt_get_fd.c
Compiling alt_gmon.c...
nios2-elf-gcc.exe -xc -MP -MMD -c  -I./HAL/inc -I. -I./drivers/inc -pipe -D__hal__ -DALT_NO_INSTRUCTION_EMULATION -DALT_SINGLE_THREADED    -O0 -g -Wall  -mno-hw-div -mno-hw-mul -mno-hw-mulx -mgpopt=global   -o obj/HAL/src/alt_gmon.o HAL/src/alt_gmon.c
Compiling alt_icache_flush.c...
nios2-elf-gcc.exe -xc -MP -MMD -c  -I./HAL/inc -I. -I./drivers/inc -pipe -D__hal__ -DALT_NO_INSTRUCTION_EMULATION -DALT_SINGLE_THREADED    -O0 -g -Wall  -mno-hw-div -mno-hw-mul -mno-hw-mulx -mgpopt=global   -o obj/HAL/src/alt_icache_flush.o HAL/src/alt_icache_flush.c
Compiling alt_icache_flush_all.c...
nios2-elf-gcc.exe -xc -MP -MMD -c  -I./HAL/inc -I. -I./drivers/inc -pipe -D__hal__ -DALT_NO_INSTRUCTION_EMULATION -DALT_SINGLE_THREADED    -O0 -g -Wall  -mno-hw-div -mno-hw-mul -mno-hw-mulx -mgpopt=global   -o obj/HAL/src/alt_icache_flush_all.o HAL/src/alt_icache_flush_all.c
Compiling alt_iic.c...
nios2-elf-gcc.exe -xc -MP -MMD -c  -I./HAL/inc -I. -I./drivers/inc -pipe -D__hal__ -DALT_NO_INSTRUCTION_EMULATION -DALT_SINGLE_THREADED    -O0 -g -Wall  -mno-hw-div -mno-hw-mul -mno-hw-mulx -mgpopt=global   -o obj/HAL/src/alt_iic.o HAL/src/alt_iic.c
Compiling alt_iic_isr_register.c...
nios2-elf-gcc.exe -xc -MP -MMD -c  -I./HAL/inc -I. -I./drivers/inc -pipe -D__hal__ -DALT_NO_INSTRUCTION_EMULATION -DALT_SINGLE_THREADED    -O0 -g -Wall  -mno-hw-div -mno-hw-mul -mno-hw-mulx -mgpopt=global   -o obj/HAL/src/alt_iic_isr_register.o HAL/src/alt_iic_isr_register.c
Compiling alt_instruction_exception_entry.c...
nios2-elf-gcc.exe -xc -MP -MMD -c  -I./HAL/inc -I. -I./drivers/inc -pipe -D__hal__ -DALT_NO_INSTRUCTION_EMULATION -DALT_SINGLE_THREADED    -O0 -g -Wall  -mno-hw-div -mno-hw-mul -mno-hw-mulx -mgpopt=global   -o obj/HAL/src/alt_instruction_exception_entry.o HAL/src/alt_instruction_exception_entry.c
Compiling alt_instruction_exception_register.c...
nios2-elf-gcc.exe -xc -MP -MMD -c  -I./HAL/inc -I. -I./drivers/inc -pipe -D__hal__ -DALT_NO_INSTRUCTION_EMULATION -DALT_SINGLE_THREADED    -O0 -g -Wall  -mno-hw-div -mno-hw-mul -mno-hw-mulx -mgpopt=global   -o obj/HAL/src/alt_instruction_exception_register.o HAL/src/alt_instruction_exception_register.c
Compiling alt_io_redirect.c...
nios2-elf-gcc.exe -xc -MP -MMD -c  -I./HAL/inc -I. -I./drivers/inc -pipe -D__hal__ -DALT_NO_INSTRUCTION_EMULATION -DALT_SINGLE_THREADED    -O0 -g -Wall  -mno-hw-div -mno-hw-mul -mno-hw-mulx -mgpopt=global   -o obj/HAL/src/alt_io_redirect.o HAL/src/alt_io_redirect.c
Compiling alt_ioctl.c...
nios2-elf-gcc.exe -xc -MP -MMD -c  -I./HAL/inc -I. -I./drivers/inc -pipe -D__hal__ -DALT_NO_INSTRUCTION_EMULATION -DALT_SINGLE_THREADED    -O0 -g -Wall  -mno-hw-div -mno-hw-mul -mno-hw-mulx -mgpopt=global   -o obj/HAL/src/alt_ioctl.o HAL/src/alt_ioctl.c
Compiling alt_irq_entry.S...
nios2-elf-gcc.exe -MP -MMD -c   -O0 -g -Wall  -mno-hw-div -mno-hw-mul -mno-hw-mulx -mgpopt=global    -I./HAL/inc -I. -I./drivers/inc -pipe -D__hal__ -DALT_NO_INSTRUCTION_EMULATION -DALT_SINGLE_THREADED  -Wa,-gdwarf2  -o obj/HAL/src/alt_irq_entry.o HAL/src/alt_irq_entry.S
Compiling alt_irq_handler.c...
nios2-elf-gcc.exe -xc -MP -MMD -c  -I./HAL/inc -I. -I./drivers/inc -pipe -D__hal__ -DALT_NO_INSTRUCTION_EMULATION -DALT_SINGLE_THREADED    -O0 -g -Wall  -mno-hw-div -mno-hw-mul -mno-hw-mulx -mgpopt=global   -o obj/HAL/src/alt_irq_handler.o HAL/src/alt_irq_handler.c
Compiling alt_irq_register.c...
nios2-elf-gcc.exe -xc -MP -MMD -c  -I./HAL/inc -I. -I./drivers/inc -pipe -D__hal__ -DALT_NO_INSTRUCTION_EMULATION -DALT_SINGLE_THREADED    -O0 -g -Wall  -mno-hw-div -mno-hw-mul -mno-hw-mulx -mgpopt=global   -o obj/HAL/src/alt_irq_register.o HAL/src/alt_irq_register.c
Compiling alt_irq_vars.c...
nios2-elf-gcc.exe -xc -MP -MMD -c  -I./HAL/inc -I. -I./drivers/inc -pipe -D__hal__ -DALT_NO_INSTRUCTION_EMULATION -DALT_SINGLE_THREADED    -O0 -g -Wall  -mno-hw-div -mno-hw-mul -mno-hw-mulx -mgpopt=global   -o obj/HAL/src/alt_irq_vars.o HAL/src/alt_irq_vars.c
Compiling alt_isatty.c...
nios2-elf-gcc.exe -xc -MP -MMD -c  -I./HAL/inc -I. -I./drivers/inc -pipe -D__hal__ -DALT_NO_INSTRUCTION_EMULATION -DALT_SINGLE_THREADED    -O0 -g -Wall  -mno-hw-div -mno-hw-mul -mno-hw-mulx -mgpopt=global   -o obj/HAL/src/alt_isatty.o HAL/src/alt_isatty.c
Compiling alt_lseek.c...
nios2-elf-gcc.exe -xc -MP -MMD -c  -I./HAL/inc -I. -I./drivers/inc -pipe -D__hal__ -DALT_NO_INSTRUCTION_EMULATION -DALT_SINGLE_THREADED    -O0 -g -Wall  -mno-hw-div -mno-hw-mul -mno-hw-mulx -mgpopt=global   -o obj/HAL/src/alt_lseek.o HAL/src/alt_lseek.c
Compiling alt_main.c...
nios2-elf-gcc.exe -xc -MP -MMD -c  -I./HAL/inc -I. -I./drivers/inc -pipe -D__hal__ -DALT_NO_INSTRUCTION_EMULATION -DALT_SINGLE_THREADED    -O0 -g -Wall  -mno-hw-div -mno-hw-mul -mno-hw-mulx -mgpopt=global   -o obj/HAL/src/alt_main.o HAL/src/alt_main.c
Compiling alt_open.c...
nios2-elf-gcc.exe -xc -MP -MMD -c  -I./HAL/inc -I. -I./drivers/inc -pipe -D__hal__ -DALT_NO_INSTRUCTION_EMULATION -DALT_SINGLE_THREADED    -O0 -g -Wall  -mno-hw-div -mno-hw-mul -mno-hw-mulx -mgpopt=global   -o obj/HAL/src/alt_open.o HAL/src/alt_open.c
Compiling alt_read.c...
nios2-elf-gcc.exe -xc -MP -MMD -c  -I./HAL/inc -I. -I./drivers/inc -pipe -D__hal__ -DALT_NO_INSTRUCTION_EMULATION -DALT_SINGLE_THREADED    -O0 -g -Wall  -mno-hw-div -mno-hw-mul -mno-hw-mulx -mgpopt=global   -o obj/HAL/src/alt_read.o HAL/src/alt_read.c
Compiling alt_release_fd.c...
nios2-elf-gcc.exe -xc -MP -MMD -c  -I./HAL/inc -I. -I./drivers/inc -pipe -D__hal__ -DALT_NO_INSTRUCTION_EMULATION -DALT_SINGLE_THREADED    -O0 -g -Wall  -mno-hw-div -mno-hw-mul -mno-hw-mulx -mgpopt=global   -o obj/HAL/src/alt_release_fd.o HAL/src/alt_release_fd.c
Compiling alt_remap_cached.c...
nios2-elf-gcc.exe -xc -MP -MMD -c  -I./HAL/inc -I. -I./drivers/inc -pipe -D__hal__ -DALT_NO_INSTRUCTION_EMULATION -DALT_SINGLE_THREADED    -O0 -g -Wall  -mno-hw-div -mno-hw-mul -mno-hw-mulx -mgpopt=global   -o obj/HAL/src/alt_remap_cached.o HAL/src/alt_remap_cached.c
Compiling alt_remap_uncached.c...
nios2-elf-gcc.exe -xc -MP -MMD -c  -I./HAL/inc -I. -I./drivers/inc -pipe -D__hal__ -DALT_NO_INSTRUCTION_EMULATION -DALT_SINGLE_THREADED    -O0 -g -Wall  -mno-hw-div -mno-hw-mul -mno-hw-mulx -mgpopt=global   -o obj/HAL/src/alt_remap_uncached.o HAL/src/alt_remap_uncached.c
Compiling alt_sbrk.c...
nios2-elf-gcc.exe -xc -MP -MMD -c  -I./HAL/inc -I. -I./drivers/inc -pipe -D__hal__ -DALT_NO_INSTRUCTION_EMULATION -DALT_SINGLE_THREADED    -O0 -g -Wall  -mno-hw-div -mno-hw-mul -mno-hw-mulx -mgpopt=global   -o obj/HAL/src/alt_sbrk.o HAL/src/alt_sbrk.c
Compiling alt_software_exception.S...
nios2-elf-gcc.exe -MP -MMD -c   -O0 -g -Wall  -mno-hw-div -mno-hw-mul -mno-hw-mulx -mgpopt=global    -I./HAL/inc -I. -I./drivers/inc -pipe -D__hal__ -DALT_NO_INSTRUCTION_EMULATION -DALT_SINGLE_THREADED  -Wa,-gdwarf2  -o obj/HAL/src/alt_software_exception.o HAL/src/alt_software_exception.S
Compiling alt_tick.c...
nios2-elf-gcc.exe -xc -MP -MMD -c  -I./HAL/inc -I. -I./drivers/inc -pipe -D__hal__ -DALT_NO_INSTRUCTION_EMULATION -DALT_SINGLE_THREADED    -O0 -g -Wall  -mno-hw-div -mno-hw-mul -mno-hw-mulx -mgpopt=global   -o obj/HAL/src/alt_tick.o HAL/src/alt_tick.c
Compiling alt_uncached_free.c...
nios2-elf-gcc.exe -xc -MP -MMD -c  -I./HAL/inc -I. -I./drivers/inc -pipe -D__hal__ -DALT_NO_INSTRUCTION_EMULATION -DALT_SINGLE_THREADED    -O0 -g -Wall  -mno-hw-div -mno-hw-mul -mno-hw-mulx -mgpopt=global   -o obj/HAL/src/alt_uncached_free.o HAL/src/alt_uncached_free.c
Compiling alt_uncached_malloc.c...
nios2-elf-gcc.exe -xc -MP -MMD -c  -I./HAL/inc -I. -I./drivers/inc -pipe -D__hal__ -DALT_NO_INSTRUCTION_EMULATION -DALT_SINGLE_THREADED    -O0 -g -Wall  -mno-hw-div -mno-hw-mul -mno-hw-mulx -mgpopt=global   -o obj/HAL/src/alt_uncached_malloc.o HAL/src/alt_uncached_malloc.c
Compiling alt_write.c...
nios2-elf-gcc.exe -xc -MP -MMD -c  -I./HAL/inc -I. -I./drivers/inc -pipe -D__hal__ -DALT_NO_INSTRUCTION_EMULATION -DALT_SINGLE_THREADED    -O0 -g -Wall  -mno-hw-div -mno-hw-mul -mno-hw-mulx -mgpopt=global   -o obj/HAL/src/alt_write.o HAL/src/alt_write.c
Compiling altera_nios2_gen2_irq.c...
nios2-elf-gcc.exe -xc -MP -MMD -c  -I./HAL/inc -I. -I./drivers/inc -pipe -D__hal__ -DALT_NO_INSTRUCTION_EMULATION -DALT_SINGLE_THREADED    -O0 -g -Wall  -mno-hw-div -mno-hw-mul -mno-hw-mulx -mgpopt=global   -o obj/HAL/src/altera_nios2_gen2_irq.o HAL/src/altera_nios2_gen2_irq.c
Compiling crt0.S...
nios2-elf-gcc.exe -MP -MMD -c   -O0 -g -Wall  -mno-hw-div -mno-hw-mul -mno-hw-mulx -mgpopt=global    -I./HAL/inc -I. -I./drivers/inc -pipe -D__hal__ -DALT_NO_INSTRUCTION_EMULATION -DALT_SINGLE_THREADED  -Wa,-gdwarf2  -o obj/HAL/src/crt0.o HAL/src/crt0.S
Compiling alt_sys_init.c...
nios2-elf-gcc.exe -xc -MP -MMD -c  -I./HAL/inc -I. -I./drivers/inc -pipe -D__hal__ -DALT_NO_INSTRUCTION_EMULATION -DALT_SINGLE_THREADED    -O0 -g -Wall  -mno-hw-div -mno-hw-mul -mno-hw-mulx -mgpopt=global   -o obj/alt_sys_init.o alt_sys_init.c
Compiling altera_avalon_jtag_uart_fd.c...
nios2-elf-gcc.exe -xc -MP -MMD -c  -I./HAL/inc -I. -I./drivers/inc -pipe -D__hal__ -DALT_NO_INSTRUCTION_EMULATION -DALT_SINGLE_THREADED    -O0 -g -Wall  -mno-hw-div -mno-hw-mul -mno-hw-mulx -mgpopt=global   -o obj/drivers/src/altera_avalon_jtag_uart_fd.o drivers/src/altera_avalon_jtag_uart_fd.c
Compiling altera_avalon_jtag_uart_init.c...
nios2-elf-gcc.exe -xc -MP -MMD -c  -I./HAL/inc -I. -I./drivers/inc -pipe -D__hal__ -DALT_NO_INSTRUCTION_EMULATION -DALT_SINGLE_THREADED    -O0 -g -Wall  -mno-hw-div -mno-hw-mul -mno-hw-mulx -mgpopt=global   -o obj/drivers/src/altera_avalon_jtag_uart_init.o drivers/src/altera_avalon_jtag_uart_init.c
Compiling altera_avalon_jtag_uart_ioctl.c...
nios2-elf-gcc.exe -xc -MP -MMD -c  -I./HAL/inc -I. -I./drivers/inc -pipe -D__hal__ -DALT_NO_INSTRUCTION_EMULATION -DALT_SINGLE_THREADED    -O0 -g -Wall  -mno-hw-div -mno-hw-mul -mno-hw-mulx -mgpopt=global   -o obj/drivers/src/altera_avalon_jtag_uart_ioctl.o drivers/src/altera_avalon_jtag_uart_ioctl.c
Compiling altera_avalon_jtag_uart_read.c...
nios2-elf-gcc.exe -xc -MP -MMD -c  -I./HAL/inc -I. -I./drivers/inc -pipe -D__hal__ -DALT_NO_INSTRUCTION_EMULATION -DALT_SINGLE_THREADED    -O0 -g -Wall  -mno-hw-div -mno-hw-mul -mno-hw-mulx -mgpopt=global   -o obj/drivers/src/altera_avalon_jtag_uart_read.o drivers/src/altera_avalon_jtag_uart_read.c
Compiling altera_avalon_jtag_uart_write.c...
nios2-elf-gcc.exe -xc -MP -MMD -c  -I./HAL/inc -I. -I./drivers/inc -pipe -D__hal__ -DALT_NO_INSTRUCTION_EMULATION -DALT_SINGLE_THREADED    -O0 -g -Wall  -mno-hw-div -mno-hw-mul -mno-hw-mulx -mgpopt=global   -o obj/drivers/src/altera_avalon_jtag_uart_write.o drivers/src/altera_avalon_jtag_uart_write.c
Compiling altera_avalon_sysid_qsys.c...
nios2-elf-gcc.exe -xc -MP -MMD -c  -I./HAL/inc -I. -I./drivers/inc -pipe -D__hal__ -DALT_NO_INSTRUCTION_EMULATION -DALT_SINGLE_THREADED    -O0 -g -Wall  -mno-hw-div -mno-hw-mul -mno-hw-mulx -mgpopt=global   -o obj/drivers/src/altera_avalon_sysid_qsys.o drivers/src/altera_avalon_sysid_qsys.c
Compiling altera_avalon_timer_sc.c...
nios2-elf-gcc.exe -xc -MP -MMD -c  -I./HAL/inc -I. -I./drivers/inc -pipe -D__hal__ -DALT_NO_INSTRUCTION_EMULATION -DALT_SINGLE_THREADED    -O0 -g -Wall  -mno-hw-div -mno-hw-mul -mno-hw-mulx -mgpopt=global   -o obj/drivers/src/altera_avalon_timer_sc.o drivers/src/altera_avalon_timer_sc.c
Compiling altera_avalon_timer_ts.c...
nios2-elf-gcc.exe -xc -MP -MMD -c  -I./HAL/inc -I. -I./drivers/inc -pipe -D__hal__ -DALT_NO_INSTRUCTION_EMULATION -DALT_SINGLE_THREADED    -O0 -g -Wall  -mno-hw-div -mno-hw-mul -mno-hw-mulx -mgpopt=global   -o obj/drivers/src/altera_avalon_timer_ts.o drivers/src/altera_avalon_timer_ts.c
Compiling altera_avalon_timer_vars.c...
nios2-elf-gcc.exe -xc -MP -MMD -c  -I./HAL/inc -I. -I./drivers/inc -pipe -D__hal__ -DALT_NO_INSTRUCTION_EMULATION -DALT_SINGLE_THREADED    -O0 -g -Wall  -mno-hw-div -mno-hw-mul -mno-hw-mulx -mgpopt=global   -o obj/drivers/src/altera_avalon_timer_vars.o drivers/src/altera_avalon_timer_vars.c
Creating libhal_bsp.a...
rm -f -f libhal_bsp.a
nios2-elf-ar.exe -src libhal_bsp.a obj/HAL/src/alt_alarm_start.o obj/HAL/src/alt_busy_sleep.o obj/HAL/src/alt_close.o obj/HAL/src/alt_dcache_flush.o obj/HAL/src/alt_dcache_flush_all.o obj/HAL/src/alt_dcache_flush_no_writeback.o obj/HAL/src/alt_dev.o obj/HAL/src/alt_dev_llist_insert.o obj/HAL/src/alt_dma_rxchan_open.o obj/HAL/src/alt_dma_txchan_open.o obj/HAL/src/alt_do_ctors.o obj/HAL/src/alt_do_dtors.o obj/HAL/src/alt_ecc_fatal_entry.o obj/HAL/src/alt_ecc_fatal_exception.o obj/HAL/src/alt_env_lock.o obj/HAL/src/alt_environ.o obj/HAL/src/alt_errno.o obj/HAL/src/alt_exception_entry.o obj/HAL/src/alt_exception_muldiv.o obj/HAL/src/alt_exception_trap.o obj/HAL/src/alt_execve.o obj/HAL/src/alt_exit.o obj/HAL/src/alt_fcntl.o obj/HAL/src/alt_fd_lock.o obj/HAL/src/alt_fd_unlock.o obj/HAL/src/alt_find_dev.o obj/HAL/src/alt_find_file.o obj/HAL/src/alt_flash_dev.o obj/HAL/src/alt_fork.o obj/HAL/src/alt_fs_reg.o obj/HAL/src/alt_fstat.o obj/HAL/src/alt_get_fd.o obj/HAL/src/alt_getchar.o obj/HAL/src/alt_getpid.o obj/HAL/src/alt_gettod.o obj/HAL/src/alt_gmon.o obj/HAL/src/alt_icache_flush.o obj/HAL/src/alt_icache_flush_all.o obj/HAL/src/alt_iic.o obj/HAL/src/alt_iic_isr_register.o obj/HAL/src/alt_instruction_exception_entry.o obj/HAL/src/alt_instruction_exception_register.o obj/HAL/src/alt_io_redirect.o obj/HAL/src/alt_ioctl.o obj/HAL/src/alt_irq_entry.o obj/HAL/src/alt_irq_handler.o obj/HAL/src/alt_irq_register.o obj/HAL/src/alt_irq_vars.o obj/HAL/src/alt_isatty.o obj/HAL/src/alt_kill.o obj/HAL/src/alt_link.o obj/HAL/src/alt_load.o obj/HAL/src/alt_log_macro.o obj/HAL/src/alt_log_printf.o obj/HAL/src/alt_lseek.o obj/HAL/src/alt_main.o obj/HAL/src/alt_malloc_lock.o obj/HAL/src/alt_mcount.o obj/HAL/src/alt_open.o obj/HAL/src/alt_printf.o obj/HAL/src/alt_putchar.o obj/HAL/src/alt_putcharbuf.o obj/HAL/src/alt_putstr.o obj/HAL/src/alt_read.o obj/HAL/src/alt_release_fd.o obj/HAL/src/alt_remap_cached.o obj/HAL/src/alt_remap_uncached.o obj/HAL/src/alt_rename.o obj/HAL/src/alt_sbrk.o obj/HAL/src/alt_settod.o obj/HAL/src/alt_software_exception.o obj/HAL/src/alt_stat.o obj/HAL/src/alt_tick.o obj/HAL/src/alt_times.o obj/HAL/src/alt_uncached_free.o obj/HAL/src/alt_uncached_malloc.o obj/HAL/src/alt_unlink.o obj/HAL/src/alt_usleep.o obj/HAL/src/alt_wait.o obj/HAL/src/alt_write.o obj/HAL/src/altera_nios2_gen2_irq.o obj/HAL/src/crt0.o obj/alt_sys_init.o obj/drivers/src/altera_avalon_jtag_uart_fd.o obj/drivers/src/altera_avalon_jtag_uart_init.o obj/drivers/src/altera_avalon_jtag_uart_ioctl.o obj/drivers/src/altera_avalon_jtag_uart_read.o obj/drivers/src/altera_avalon_jtag_uart_write.o obj/drivers/src/altera_avalon_sysid_qsys.o obj/drivers/src/altera_avalon_timer_sc.o obj/drivers/src/altera_avalon_timer_ts.o obj/drivers/src/altera_avalon_timer_vars.o
[BSP build complete]
Info: Compiling main.c to obj/default/main.o
nios2-elf-gcc.exe -xc -MP -MMD -c -Ic:/Users/jiaru/GitHub/ECE385-FPGA-lab/lab9/software/lab9_bsp//HAL/inc -Ic:/Users/jiaru/GitHub/ECE385-FPGA-lab/lab9/software/lab9_bsp/ -Ic:/Users/jiaru/GitHub/ECE385-FPGA-lab/lab9/software/lab9_bsp//drivers/inc  -pipe -D__hal__ -DALT_NO_INSTRUCTION_EMULATION -DALT_SINGLE_THREADED    -O0 -g -Wall   -mno-hw-div -mno-hw-mul -mno-hw-mulx -mgpopt=global  -o obj/default/main.o main.c
main.c: In function 'SubBytes':
main.c:70:23: error: expected expression before 'int'
   70 |   state[i] = aes_sbox[int(state[i])];
      |                       ^~~
main.c: At top level:
main.c:81:57: error: expected ';', ',' or ')' before '*' token
   81 | void AddRoundKey(unsigned char* state, unsigned long [4]* w)
      |                                                         ^
main.c: In function 'MixColumn':
main.c:106:2: warning: this 'for' clause does not guard... [-Wmisleading-indentation]
  106 |  for (i = 0; i < 4; i++)
      |  ^~~
main.c:111:3: note: ...this statement, but the latter is misleadingly indented as if it were guarded by the 'for'
  111 |   b[0] = xtime(a[0]) ^ (xtime(a[1]) ^ a[1]) ^ a[2] ^ a[3];
      |   ^
main.c: At top level:
main.c:119:1: error: expected identifier or '(' before '}' token
  119 | }
      | ^
main.c: In function 'ShiftRows':
main.c:130:3: warning: this 'for' clause does not guard... [-Wmisleading-indentation]
  130 |   for (int i =0; i < row; i++)
      |   ^~~
main.c:132:4: note: ...this statement, but the latter is misleadingly indented as if it were guarded by the 'for'
  132 |    state[4*row] = state[4*row + 1];
      |    ^~~~~
main.c: At top level:
main.c:145:58: error: expected ';', ',' or ')' before '*' token
  145 | void KeyExpansion(unsigned char* key, unsigned long [4*6]* w, unsigned int Nk)
      |                                                          ^
main.c: In function 'encrypt':
main.c:182:2: warning: implicit declaration of function 'KeyExpansion' [-Wimplicit-function-declaration]
  182 |  KeyExpansion(key_ascii, w, Nk);
      |  ^~~~~~~~~~~~
main.c:185:2: warning: implicit declaration of function 'AddRoundKey' [-Wimplicit-function-declaration]
  185 |  AddRoundKey(state, w[0:Nb]);
      |  ^~~~~~~~~~~
main.c:185:24: error: expected ']' before ':' token
  185 |  AddRoundKey(state, w[0:Nb]);
      |                        ^
      |                        ]
main.c:189:3: warning: implicit declaration of function 'SubByRows'; did you mean 'SubBytes'? [-Wimplicit-function-declaration]
  189 |   SubByRows(state);
      |   ^~~~~~~~~
      |   SubBytes
main.c:191:32: error: expected ']' before ':' token
  191 |   AddRoundKey(state, w[Nb*round:Nb*round+Nr]);
      |                                ^
      |                                ]
main.c:195:28: error: expected ']' before ':' token
  195 |  AddRoundKey(state, w[Nb*Nr:Nb*(Nr+1)]);
      |                            ^
      |                            ]
main.c:197:10: warning: assignment to 'unsigned int *' from incompatible pointer type 'unsigned char *' [-Wincompatible-pointer-types]
  197 |  msg_enc = state;
      |          ^
make: *** [Makefile:724ï¼šobj/default/main.o] é”™è¯¯ 1
21:12:26 **** Incremental Build of configuration Nios II for project lab9_bsp ****
wsl make all 
[BSP build complete]
21:13:20 **** Incremental Build of configuration Nios II for project lab9 ****
wsl make all 
Info: Building /mnt/c/Users/jiaru/GitHub/ECE385-FPGA-lab/lab9/software/lab9_bsp/
make --no-print-directory -C /mnt/c/Users/jiaru/GitHub/ECE385-FPGA-lab/lab9/software/lab9_bsp/
[BSP build complete]
Info: Compiling main.c to obj/default/main.o
nios2-elf-gcc.exe -xc -MP -MMD -c -Ic:/Users/jiaru/GitHub/ECE385-FPGA-lab/lab9/software/lab9_bsp//HAL/inc -Ic:/Users/jiaru/GitHub/ECE385-FPGA-lab/lab9/software/lab9_bsp/ -Ic:/Users/jiaru/GitHub/ECE385-FPGA-lab/lab9/software/lab9_bsp//drivers/inc  -pipe -D__hal__ -DALT_NO_INSTRUCTION_EMULATION -DALT_SINGLE_THREADED    -O0 -g -Wall   -mno-hw-div -mno-hw-mul -mno-hw-mulx -mgpopt=global  -o obj/default/main.o main.c
main.c: In function 'MixColumn':
main.c:106:2: warning: this 'for' clause does not guard... [-Wmisleading-indentation]
  106 |  for (i = 0; i < 4; i++)
      |  ^~~
main.c:111:3: note: ...this statement, but the latter is misleadingly indented as if it were guarded by the 'for'
  111 |   b[0] = xtime(a[0]) ^ (xtime(a[1]) ^ a[1]) ^ a[2] ^ a[3];
      |   ^
main.c: At top level:
main.c:119:1: error: expected identifier or '(' before '}' token
  119 | }
      | ^
main.c: In function 'ShiftRows':
main.c:130:3: warning: this 'for' clause does not guard... [-Wmisleading-indentation]
  130 |   for (int i =0; i < row; i++)
      |   ^~~
main.c:132:4: note: ...this statement, but the latter is misleadingly indented as if it were guarded by the 'for'
  132 |    state[4*row] = state[4*row + 1];
      |    ^~~~~
main.c: In function 'KeyExpansion':
main.c:159:11: warning: implicit declaration of function 'SubWord' [-Wimplicit-function-declaration]
  159 |    temp = SubWord(RotWord(&temp)) ^ Rcon[i/Nk];
      |           ^~~~~~~
main.c:159:19: warning: implicit declaration of function 'RotWord' [-Wimplicit-function-declaration]
  159 |    temp = SubWord(RotWord(&temp)) ^ Rcon[i/Nk];
      |                   ^~~~~~~
main.c: In function 'encrypt':
main.c:189:3: warning: implicit declaration of function 'SubByRows'; did you mean 'SubBytes'? [-Wimplicit-function-declaration]
  189 |   SubByRows(state);
      |   ^~~~~~~~~
      |   SubBytes
main.c:197:10: warning: assignment to 'unsigned int *' from incompatible pointer type 'unsigned char *' [-Wincompatible-pointer-types]
  197 |  msg_enc = state;
      |          ^
make: *** [Makefile:724ï¼šobj/default/main.o] é”™è¯¯ 1
21:13:20 **** Incremental Build of configuration Nios II for project lab9_bsp ****
wsl make all 
[BSP build complete]
21:13:39 **** Incremental Build of configuration Nios II for project lab9 ****
wsl make all 
Info: Building /mnt/c/Users/jiaru/GitHub/ECE385-FPGA-lab/lab9/software/lab9_bsp/
make --no-print-directory -C /mnt/c/Users/jiaru/GitHub/ECE385-FPGA-lab/lab9/software/lab9_bsp/
[BSP build complete]
Info: Compiling main.c to obj/default/main.o
nios2-elf-gcc.exe -xc -MP -MMD -c -Ic:/Users/jiaru/GitHub/ECE385-FPGA-lab/lab9/software/lab9_bsp//HAL/inc -Ic:/Users/jiaru/GitHub/ECE385-FPGA-lab/lab9/software/lab9_bsp/ -Ic:/Users/jiaru/GitHub/ECE385-FPGA-lab/lab9/software/lab9_bsp//drivers/inc  -pipe -D__hal__ -DALT_NO_INSTRUCTION_EMULATION -DALT_SINGLE_THREADED    -O0 -g -Wall   -mno-hw-div -mno-hw-mul -mno-hw-mulx -mgpopt=global  -o obj/default/main.o main.c
main.c: In function 'MixColumn':
main.c:106:2: warning: this 'for' clause does not guard... [-Wmisleading-indentation]
  106 |  for (i = 0; i < 4; i++)
      |  ^~~
main.c:111:3: note: ...this statement, but the latter is misleadingly indented as if it were guarded by the 'for'
  111 |   b[0] = xtime(a[0]) ^ (xtime(a[1]) ^ a[1]) ^ a[2] ^ a[3];
      |   ^
main.c: At top level:
main.c:119:1: error: expected identifier or '(' before '}' token
  119 | }
      | ^
main.c: In function 'ShiftRows':
main.c:130:3: warning: this 'for' clause does not guard... [-Wmisleading-indentation]
  130 |   for (int i =0; i < row; i++)
      |   ^~~
main.c:132:4: note: ...this statement, but the latter is misleadingly indented as if it were guarded by the 'for'
  132 |    state[4*row] = state[4*row + 1];
      |    ^~~~~
main.c: In function 'KeyExpansion':
main.c:159:11: warning: implicit declaration of function 'SubWord' [-Wimplicit-function-declaration]
  159 |    temp = SubWord(RotWord(&temp)) ^ Rcon[i/Nk];
      |           ^~~~~~~
main.c:159:19: warning: implicit declaration of function 'RotWord' [-Wimplicit-function-declaration]
  159 |    temp = SubWord(RotWord(&temp)) ^ Rcon[i/Nk];
      |                   ^~~~~~~
main.c: In function 'encrypt':
main.c:189:3: warning: implicit declaration of function 'SubByRows'; did you mean 'SubBytes'? [-Wimplicit-function-declaration]
  189 |   SubByRows(state);
      |   ^~~~~~~~~
      |   SubBytes
main.c:197:10: warning: assignment to 'unsigned int *' from incompatible pointer type 'unsigned char *' [-Wincompatible-pointer-types]
  197 |  msg_enc = state;
      |          ^
make: *** [Makefile:724ï¼šobj/default/main.o] é”™è¯¯ 1
21:13:40 **** Incremental Build of configuration Nios II for project lab9_bsp ****
wsl make all 
[BSP build complete]
21:14:11 **** Incremental Build of configuration Nios II for project lab9 ****
wsl make all 
Info: Building /mnt/c/Users/jiaru/GitHub/ECE385-FPGA-lab/lab9/software/lab9_bsp/
make --no-print-directory -C /mnt/c/Users/jiaru/GitHub/ECE385-FPGA-lab/lab9/software/lab9_bsp/
[BSP build complete]
Info: Compiling main.c to obj/default/main.o
nios2-elf-gcc.exe -xc -MP -MMD -c -Ic:/Users/jiaru/GitHub/ECE385-FPGA-lab/lab9/software/lab9_bsp//HAL/inc -Ic:/Users/jiaru/GitHub/ECE385-FPGA-lab/lab9/software/lab9_bsp/ -Ic:/Users/jiaru/GitHub/ECE385-FPGA-lab/lab9/software/lab9_bsp//drivers/inc  -pipe -D__hal__ -DALT_NO_INSTRUCTION_EMULATION -DALT_SINGLE_THREADED    -O0 -g -Wall   -mno-hw-div -mno-hw-mul -mno-hw-mulx -mgpopt=global  -o obj/default/main.o main.c
main.c: In function 'MixColumn':
main.c:106:2: warning: this 'for' clause does not guard... [-Wmisleading-indentation]
  106 |  for (i = 0; i < 4; i++)
      |  ^~~
main.c:111:3: note: ...this statement, but the latter is misleadingly indented as if it were guarded by the 'for'
  111 |   b[0] = xtime(a[0]) ^ (xtime(a[1]) ^ a[1]) ^ a[2] ^ a[3];
      |   ^
main.c: In function 'ShiftRows':
main.c:128:3: warning: this 'for' clause does not guard... [-Wmisleading-indentation]
  128 |   for (int i =0; i < row; i++)
      |   ^~~
main.c:130:4: note: ...this statement, but the latter is misleadingly indented as if it were guarded by the 'for'
  130 |    state[4*row] = state[4*row + 1];
      |    ^~~~~
main.c: In function 'KeyExpansion':
main.c:157:11: warning: implicit declaration of function 'SubWord' [-Wimplicit-function-declaration]
  157 |    temp = SubWord(RotWord(&temp)) ^ Rcon[i/Nk];
      |           ^~~~~~~
main.c:157:19: warning: implicit declaration of function 'RotWord' [-Wimplicit-function-declaration]
  157 |    temp = SubWord(RotWord(&temp)) ^ Rcon[i/Nk];
      |                   ^~~~~~~
main.c: In function 'encrypt':
main.c:187:3: warning: implicit declaration of function 'SubByRows'; did you mean 'SubBytes'? [-Wimplicit-function-declaration]
  187 |   SubByRows(state);
      |   ^~~~~~~~~
      |   SubBytes
main.c:195:10: warning: assignment to 'unsigned int *' from incompatible pointer type 'unsigned char *' [-Wincompatible-pointer-types]
  195 |  msg_enc = state;
      |          ^
Info: Linking lab9.elf
nios2-elf-g++.exe  -T'c:/Users/jiaru/GitHub/ECE385-FPGA-lab/lab9/software/lab9_bsp//linker.x' -msys-crt0='c:/Users/jiaru/GitHub/ECE385-FPGA-lab/lab9/software/lab9_bsp//obj/HAL/src/crt0.o' -msys-lib=hal_bsp -Lc:/Users/jiaru/GitHub/ECE385-FPGA-lab/lab9/software/lab9_bsp/   -Wl,-Map=lab9.map   -O0 -g -Wall   -mno-hw-div -mno-hw-mul -mno-hw-mulx -mgpopt=global  -o lab9.elf obj/default/main.o -lm -msys-lib=m
c:/intelfpga_lite/20.1/nios2eds/bin/gnu/h-x86_64-mingw32/bin/../lib/gcc/nios2-elf/10.1.1/../../../../../H-x86_64-mingw32/nios2-elf/bin/ld.exe: obj/default/main.o: in function `KeyExpansion':
C:\Users\jiaru\GitHub\ECE385-FPGA-lab\lab9\software\lab9/main.c:157: undefined reference to `RotWord'
C:\Users\jiaru\GitHub\ECE385-FPGA-lab\lab9\software\lab9/main.c:157:(.text+0x744): relocation truncated to fit: R_NIOS2_CALL26 against `RotWord'
c:/intelfpga_lite/20.1/nios2eds/bin/gnu/h-x86_64-mingw32/bin/../lib/gcc/nios2-elf/10.1.1/../../../../../H-x86_64-mingw32/nios2-elf/bin/ld.exe: C:\Users\jiaru\GitHub\ECE385-FPGA-lab\lab9\software\lab9/main.c:157: undefined reference to `SubWord'
C:\Users\jiaru\GitHub\ECE385-FPGA-lab\lab9\software\lab9/main.c:157:(.text+0x74c): relocation truncated to fit: R_NIOS2_CALL26 against `SubWord'
c:/intelfpga_lite/20.1/nios2eds/bin/gnu/h-x86_64-mingw32/bin/../lib/gcc/nios2-elf/10.1.1/../../../../../H-x86_64-mingw32/nios2-elf/bin/ld.exe: obj/default/main.o: in function `encrypt':
C:\Users\jiaru\GitHub\ECE385-FPGA-lab\lab9\software\lab9/main.c:187: undefined reference to `SubByRows'
C:\Users\jiaru\GitHub\ECE385-FPGA-lab\lab9\software\lab9/main.c:187:(.text+0x908): relocation truncated to fit: R_NIOS2_CALL26 against `SubByRows'
c:/intelfpga_lite/20.1/nios2eds/bin/gnu/h-x86_64-mingw32/bin/../lib/gcc/nios2-elf/10.1.1/../../../../../H-x86_64-mingw32/nios2-elf/bin/ld.exe: C:\Users\jiaru\GitHub\ECE385-FPGA-lab\lab9\software\lab9/main.c:192: undefined reference to `SubByRows'
C:\Users\jiaru\GitHub\ECE385-FPGA-lab\lab9\software\lab9/main.c:192:(.text+0x960): relocation truncated to fit: R_NIOS2_CALL26 against `SubByRows'
collect2.exe: error: ld returned 1 exit status
make: *** [Makefile:1014ï¼šlab9.elf] é”™è¯¯ 1
21:14:12 **** Incremental Build of configuration Nios II for project lab9_bsp ****
wsl make all 
[BSP build complete]
21:15:00 **** Incremental Build of configuration Nios II for project lab9 ****
wsl make all 
Info: Building /mnt/c/Users/jiaru/GitHub/ECE385-FPGA-lab/lab9/software/lab9_bsp/
make --no-print-directory -C /mnt/c/Users/jiaru/GitHub/ECE385-FPGA-lab/lab9/software/lab9_bsp/
[BSP build complete]
Info: Linking lab9.elf
nios2-elf-g++.exe  -T'c:/Users/jiaru/GitHub/ECE385-FPGA-lab/lab9/software/lab9_bsp//linker.x' -msys-crt0='c:/Users/jiaru/GitHub/ECE385-FPGA-lab/lab9/software/lab9_bsp//obj/HAL/src/crt0.o' -msys-lib=hal_bsp -Lc:/Users/jiaru/GitHub/ECE385-FPGA-lab/lab9/software/lab9_bsp/   -Wl,-Map=lab9.map   -O0 -g -Wall   -mno-hw-div -mno-hw-mul -mno-hw-mulx -mgpopt=global  -o lab9.elf obj/default/main.o -lm -msys-lib=m
c:/intelfpga_lite/20.1/nios2eds/bin/gnu/h-x86_64-mingw32/bin/../lib/gcc/nios2-elf/10.1.1/../../../../../H-x86_64-mingw32/nios2-elf/bin/ld.exe: obj/default/main.o: in function `KeyExpansion':
C:\Users\jiaru\GitHub\ECE385-FPGA-lab\lab9\software\lab9/main.c:157: undefined reference to `RotWord'
C:\Users\jiaru\GitHub\ECE385-FPGA-lab\lab9\software\lab9/main.c:157:(.text+0x744): relocation truncated to fit: R_NIOS2_CALL26 against `RotWord'
c:/intelfpga_lite/20.1/nios2eds/bin/gnu/h-x86_64-mingw32/bin/../lib/gcc/nios2-elf/10.1.1/../../../../../H-x86_64-mingw32/nios2-elf/bin/ld.exe: C:\Users\jiaru\GitHub\ECE385-FPGA-lab\lab9\software\lab9/main.c:157: undefined reference to `SubWord'
C:\Users\jiaru\GitHub\ECE385-FPGA-lab\lab9\software\lab9/main.c:157:(.text+0x74c): relocation truncated to fit: R_NIOS2_CALL26 against `SubWord'
c:/intelfpga_lite/20.1/nios2eds/bin/gnu/h-x86_64-mingw32/bin/../lib/gcc/nios2-elf/10.1.1/../../../../../H-x86_64-mingw32/nios2-elf/bin/ld.exe: obj/default/main.o: in function `encrypt':
C:\Users\jiaru\GitHub\ECE385-FPGA-lab\lab9\software\lab9/main.c:187: undefined reference to `SubByRows'
C:\Users\jiaru\GitHub\ECE385-FPGA-lab\lab9\software\lab9/main.c:187:(.text+0x908): relocation truncated to fit: R_NIOS2_CALL26 against `SubByRows'
c:/intelfpga_lite/20.1/nios2eds/bin/gnu/h-x86_64-mingw32/bin/../lib/gcc/nios2-elf/10.1.1/../../../../../H-x86_64-mingw32/nios2-elf/bin/ld.exe: C:\Users\jiaru\GitHub\ECE385-FPGA-lab\lab9\software\lab9/main.c:192: undefined reference to `SubByRows'
C:\Users\jiaru\GitHub\ECE385-FPGA-lab\lab9\software\lab9/main.c:192:(.text+0x960): relocation truncated to fit: R_NIOS2_CALL26 against `SubByRows'
collect2.exe: error: ld returned 1 exit status
make: *** [Makefile:1014ï¼šlab9.elf] é”™è¯¯ 1
21:15:01 **** Incremental Build of configuration Nios II for project lab9_bsp ****
wsl make all 
[BSP build complete]
21:16:05 **** Incremental Build of configuration Nios II for project lab9 ****
wsl make all 
Info: Building /mnt/c/Users/jiaru/GitHub/ECE385-FPGA-lab/lab9/software/lab9_bsp/
make --no-print-directory -C /mnt/c/Users/jiaru/GitHub/ECE385-FPGA-lab/lab9/software/lab9_bsp/
[BSP build complete]
Info: Linking lab9.elf
nios2-elf-g++.exe  -T'c:/Users/jiaru/GitHub/ECE385-FPGA-lab/lab9/software/lab9_bsp//linker.x' -msys-crt0='c:/Users/jiaru/GitHub/ECE385-FPGA-lab/lab9/software/lab9_bsp//obj/HAL/src/crt0.o' -msys-lib=hal_bsp -Lc:/Users/jiaru/GitHub/ECE385-FPGA-lab/lab9/software/lab9_bsp/   -Wl,-Map=lab9.map   -O0 -g -Wall   -mno-hw-div -mno-hw-mul -mno-hw-mulx -mgpopt=global  -o lab9.elf obj/default/main.o -lm -msys-lib=m
c:/intelfpga_lite/20.1/nios2eds/bin/gnu/h-x86_64-mingw32/bin/../lib/gcc/nios2-elf/10.1.1/../../../../../H-x86_64-mingw32/nios2-elf/bin/ld.exe: obj/default/main.o: in function `KeyExpansion':
C:\Users\jiaru\GitHub\ECE385-FPGA-lab\lab9\software\lab9/main.c:157: undefined reference to `RotWord'
C:\Users\jiaru\GitHub\ECE385-FPGA-lab\lab9\software\lab9/main.c:157:(.text+0x744): relocation truncated to fit: R_NIOS2_CALL26 against `RotWord'
c:/intelfpga_lite/20.1/nios2eds/bin/gnu/h-x86_64-mingw32/bin/../lib/gcc/nios2-elf/10.1.1/../../../../../H-x86_64-mingw32/nios2-elf/bin/ld.exe: C:\Users\jiaru\GitHub\ECE385-FPGA-lab\lab9\software\lab9/main.c:157: undefined reference to `SubWord'
C:\Users\jiaru\GitHub\ECE385-FPGA-lab\lab9\software\lab9/main.c:157:(.text+0x74c): relocation truncated to fit: R_NIOS2_CALL26 against `SubWord'
c:/intelfpga_lite/20.1/nios2eds/bin/gnu/h-x86_64-mingw32/bin/../lib/gcc/nios2-elf/10.1.1/../../../../../H-x86_64-mingw32/nios2-elf/bin/ld.exe: obj/default/main.o: in function `encrypt':
C:\Users\jiaru\GitHub\ECE385-FPGA-lab\lab9\software\lab9/main.c:187: undefined reference to `SubByRows'
C:\Users\jiaru\GitHub\ECE385-FPGA-lab\lab9\software\lab9/main.c:187:(.text+0x908): relocation truncated to fit: R_NIOS2_CALL26 against `SubByRows'
c:/intelfpga_lite/20.1/nios2eds/bin/gnu/h-x86_64-mingw32/bin/../lib/gcc/nios2-elf/10.1.1/../../../../../H-x86_64-mingw32/nios2-elf/bin/ld.exe: C:\Users\jiaru\GitHub\ECE385-FPGA-lab\lab9\software\lab9/main.c:192: undefined reference to `SubByRows'
C:\Users\jiaru\GitHub\ECE385-FPGA-lab\lab9\software\lab9/main.c:192:(.text+0x960): relocation truncated to fit: R_NIOS2_CALL26 against `SubByRows'
collect2.exe: error: ld returned 1 exit status
make: *** [Makefile:1014ï¼šlab9.elf] é”™è¯¯ 1
21:16:05 **** Incremental Build of configuration Nios II for project lab9_bsp ****
wsl make all 
[BSP build complete]
21:18:59 **** Incremental Build of configuration Nios II for project lab9 ****
wsl make all 
Info: Building /mnt/c/Users/jiaru/GitHub/ECE385-FPGA-lab/lab9/software/lab9_bsp/
make --no-print-directory -C /mnt/c/Users/jiaru/GitHub/ECE385-FPGA-lab/lab9/software/lab9_bsp/
[BSP build complete]
Info: Compiling main.c to obj/default/main.o
nios2-elf-gcc.exe -xc -MP -MMD -c -Ic:/Users/jiaru/GitHub/ECE385-FPGA-lab/lab9/software/lab9_bsp//HAL/inc -Ic:/Users/jiaru/GitHub/ECE385-FPGA-lab/lab9/software/lab9_bsp/ -Ic:/Users/jiaru/GitHub/ECE385-FPGA-lab/lab9/software/lab9_bsp//drivers/inc  -pipe -D__hal__ -DALT_NO_INSTRUCTION_EMULATION -DALT_SINGLE_THREADED    -O0 -g -Wall   -mno-hw-div -mno-hw-mul -mno-hw-mulx -mgpopt=global  -o obj/default/main.o main.c
main.c: In function 'MixColumn':
main.c:106:2: warning: this 'for' clause does not guard... [-Wmisleading-indentation]
  106 |  for (i = 0; i < 4; i++)
      |  ^~~
main.c:111:3: note: ...this statement, but the latter is misleadingly indented as if it were guarded by the 'for'
  111 |   b[0] = xtime(a[0]) ^ (xtime(a[1]) ^ a[1]) ^ a[2] ^ a[3];
      |   ^
main.c: In function 'ShiftRows':
main.c:128:3: warning: this 'for' clause does not guard... [-Wmisleading-indentation]
  128 |   for (int i =0; i < row; i++)
      |   ^~~
main.c:130:4: note: ...this statement, but the latter is misleadingly indented as if it were guarded by the 'for'
  130 |    state[4*row] = state[4*row + 1];
      |    ^~~~~
main.c: In function 'encrypt':
main.c:223:10: warning: assignment to 'unsigned int *' from incompatible pointer type 'unsigned char *' [-Wincompatible-pointer-types]
  223 |  msg_enc = state;
      |          ^
Info: Linking lab9.elf
nios2-elf-g++.exe  -T'c:/Users/jiaru/GitHub/ECE385-FPGA-lab/lab9/software/lab9_bsp//linker.x' -msys-crt0='c:/Users/jiaru/GitHub/ECE385-FPGA-lab/lab9/software/lab9_bsp//obj/HAL/src/crt0.o' -msys-lib=hal_bsp -Lc:/Users/jiaru/GitHub/ECE385-FPGA-lab/lab9/software/lab9_bsp/   -Wl,-Map=lab9.map   -O0 -g -Wall   -mno-hw-div -mno-hw-mul -mno-hw-mulx -mgpopt=global  -o lab9.elf obj/default/main.o -lm -msys-lib=m
nios2-elf-insert.exe lab9.elf --thread_model hal --cpu_name nios2_gen2_0 --qsys true --simulation_enabled false --id 0 --sidp 0x28 --timestamp 1637759280 --stderr_dev jtag_uart_0 --stdin_dev jtag_uart_0 --stdout_dev jtag_uart_0 --sopc_system_name lab9_soc --quartus_project_dir "c:/Users/jiaru/GitHub/ECE385-FPGA-lab/lab9" --jdi ../..//output_files/lab9.jdi
Info: (lab9.elf) 114 KBytes program size (code + initialized data).
Info:            130948 KBytes free for stack + heap.
Info: Creating lab9.objdump
nios2-elf-objdump.exe --disassemble --syms --all-header --source lab9.elf >lab9.objdump
[lab9 build complete]
21:19:01 **** Incremental Build of configuration Nios II for project lab9_bsp ****
wsl make all 
[BSP build complete]
21:20:21 **** Incremental Build of configuration Nios II for project lab9 ****
wsl make all 
Info: Building /mnt/c/Users/jiaru/GitHub/ECE385-FPGA-lab/lab9/software/lab9_bsp/
make --no-print-directory -C /mnt/c/Users/jiaru/GitHub/ECE385-FPGA-lab/lab9/software/lab9_bsp/
[BSP build complete]
[lab9 build complete]
21:20:22 **** Incremental Build of configuration Nios II for project lab9_bsp ****
wsl make all 
[BSP build complete]
21:20:24 **** Incremental Build of configuration Nios II for project lab9 ****
wsl make all 
Info: Building /mnt/c/Users/jiaru/GitHub/ECE385-FPGA-lab/lab9/software/lab9_bsp/
make --no-print-directory -C /mnt/c/Users/jiaru/GitHub/ECE385-FPGA-lab/lab9/software/lab9_bsp/
[BSP build complete]
[lab9 build complete]
21:20:24 **** Incremental Build of configuration Nios II for project lab9_bsp ****
wsl make all 
[BSP build complete]
21:47:00 **** Build of configuration Nios II for project lab9 ****
wsl make all 
Info: Building /mnt/c/Users/jiaru/GitHub/ECE385-FPGA-lab/lab9/software/lab9_bsp/
make --no-print-directory -C /mnt/c/Users/jiaru/GitHub/ECE385-FPGA-lab/lab9/software/lab9_bsp/
Compiling alt_alarm_start.c...
nios2-elf-gcc.exe -xc -MP -MMD -c  -I./HAL/inc -I. -I./drivers/inc -pipe -D__hal__ -DALT_NO_INSTRUCTION_EMULATION -DALT_SINGLE_THREADED    -O0 -g -Wall  -mno-hw-div -mno-hw-mul -mno-hw-mulx -mgpopt=global   -o obj/HAL/src/alt_alarm_start.o HAL/src/alt_alarm_start.c
Compiling alt_busy_sleep.c...
nios2-elf-gcc.exe -xc -MP -MMD -c  -I./HAL/inc -I. -I./drivers/inc -pipe -D__hal__ -DALT_NO_INSTRUCTION_EMULATION -DALT_SINGLE_THREADED    -O0 -g -Wall  -mno-hw-div -mno-hw-mul -mno-hw-mulx -mgpopt=global   -o obj/HAL/src/alt_busy_sleep.o HAL/src/alt_busy_sleep.c
Compiling alt_close.c...
nios2-elf-gcc.exe -xc -MP -MMD -c  -I./HAL/inc -I. -I./drivers/inc -pipe -D__hal__ -DALT_NO_INSTRUCTION_EMULATION -DALT_SINGLE_THREADED    -O0 -g -Wall  -mno-hw-div -mno-hw-mul -mno-hw-mulx -mgpopt=global   -o obj/HAL/src/alt_close.o HAL/src/alt_close.c
Compiling alt_dcache_flush.c...
nios2-elf-gcc.exe -xc -MP -MMD -c  -I./HAL/inc -I. -I./drivers/inc -pipe -D__hal__ -DALT_NO_INSTRUCTION_EMULATION -DALT_SINGLE_THREADED    -O0 -g -Wall  -mno-hw-div -mno-hw-mul -mno-hw-mulx -mgpopt=global   -o obj/HAL/src/alt_dcache_flush.o HAL/src/alt_dcache_flush.c
Compiling alt_dcache_flush_all.c...
nios2-elf-gcc.exe -xc -MP -MMD -c  -I./HAL/inc -I. -I./drivers/inc -pipe -D__hal__ -DALT_NO_INSTRUCTION_EMULATION -DALT_SINGLE_THREADED    -O0 -g -Wall  -mno-hw-div -mno-hw-mul -mno-hw-mulx -mgpopt=global   -o obj/HAL/src/alt_dcache_flush_all.o HAL/src/alt_dcache_flush_all.c
Compiling alt_dcache_flush_no_writeback.c...
nios2-elf-gcc.exe -xc -MP -MMD -c  -I./HAL/inc -I. -I./drivers/inc -pipe -D__hal__ -DALT_NO_INSTRUCTION_EMULATION -DALT_SINGLE_THREADED    -O0 -g -Wall  -mno-hw-div -mno-hw-mul -mno-hw-mulx -mgpopt=global   -o obj/HAL/src/alt_dcache_flush_no_writeback.o HAL/src/alt_dcache_flush_no_writeback.c
Compiling alt_dev.c...
nios2-elf-gcc.exe -xc -MP -MMD -c  -I./HAL/inc -I. -I./drivers/inc -pipe -D__hal__ -DALT_NO_INSTRUCTION_EMULATION -DALT_SINGLE_THREADED    -O0 -g -Wall  -mno-hw-div -mno-hw-mul -mno-hw-mulx -mgpopt=global   -o obj/HAL/src/alt_dev.o HAL/src/alt_dev.c
Compiling alt_dma_rxchan_open.c...
nios2-elf-gcc.exe -xc -MP -MMD -c  -I./HAL/inc -I. -I./drivers/inc -pipe -D__hal__ -DALT_NO_INSTRUCTION_EMULATION -DALT_SINGLE_THREADED    -O0 -g -Wall  -mno-hw-div -mno-hw-mul -mno-hw-mulx -mgpopt=global   -o obj/HAL/src/alt_dma_rxchan_open.o HAL/src/alt_dma_rxchan_open.c
Compiling alt_dma_txchan_open.c...
nios2-elf-gcc.exe -xc -MP -MMD -c  -I./HAL/inc -I. -I./drivers/inc -pipe -D__hal__ -DALT_NO_INSTRUCTION_EMULATION -DALT_SINGLE_THREADED    -O0 -g -Wall  -mno-hw-div -mno-hw-mul -mno-hw-mulx -mgpopt=global   -o obj/HAL/src/alt_dma_txchan_open.o HAL/src/alt_dma_txchan_open.c
Compiling alt_ecc_fatal_exception.c...
nios2-elf-gcc.exe -xc -MP -MMD -c  -I./HAL/inc -I. -I./drivers/inc -pipe -D__hal__ -DALT_NO_INSTRUCTION_EMULATION -DALT_SINGLE_THREADED    -O0 -g -Wall  -mno-hw-div -mno-hw-mul -mno-hw-mulx -mgpopt=global   -o obj/HAL/src/alt_ecc_fatal_exception.o HAL/src/alt_ecc_fatal_exception.c
Compiling alt_exception_entry.S...
nios2-elf-gcc.exe -MP -MMD -c   -O0 -g -Wall  -mno-hw-div -mno-hw-mul -mno-hw-mulx -mgpopt=global    -I./HAL/inc -I. -I./drivers/inc -pipe -D__hal__ -DALT_NO_INSTRUCTION_EMULATION -DALT_SINGLE_THREADED  -Wa,-gdwarf2  -o obj/HAL/src/alt_exception_entry.o HAL/src/alt_exception_entry.S
Compiling alt_exit.c...
nios2-elf-gcc.exe -xc -MP -MMD -c  -I./HAL/inc -I. -I./drivers/inc -pipe -D__hal__ -DALT_NO_INSTRUCTION_EMULATION -DALT_SINGLE_THREADED    -O0 -g -Wall  -mno-hw-div -mno-hw-mul -mno-hw-mulx -mgpopt=global   -o obj/HAL/src/alt_exit.o HAL/src/alt_exit.c
Compiling alt_fcntl.c...
nios2-elf-gcc.exe -xc -MP -MMD -c  -I./HAL/inc -I. -I./drivers/inc -pipe -D__hal__ -DALT_NO_INSTRUCTION_EMULATION -DALT_SINGLE_THREADED    -O0 -g -Wall  -mno-hw-div -mno-hw-mul -mno-hw-mulx -mgpopt=global   -o obj/HAL/src/alt_fcntl.o HAL/src/alt_fcntl.c
Compiling alt_fd_lock.c...
nios2-elf-gcc.exe -xc -MP -MMD -c  -I./HAL/inc -I. -I./drivers/inc -pipe -D__hal__ -DALT_NO_INSTRUCTION_EMULATION -DALT_SINGLE_THREADED    -O0 -g -Wall  -mno-hw-div -mno-hw-mul -mno-hw-mulx -mgpopt=global   -o obj/HAL/src/alt_fd_lock.o HAL/src/alt_fd_lock.c
Compiling alt_fd_unlock.c...
nios2-elf-gcc.exe -xc -MP -MMD -c  -I./HAL/inc -I. -I./drivers/inc -pipe -D__hal__ -DALT_NO_INSTRUCTION_EMULATION -DALT_SINGLE_THREADED    -O0 -g -Wall  -mno-hw-div -mno-hw-mul -mno-hw-mulx -mgpopt=global   -o obj/HAL/src/alt_fd_unlock.o HAL/src/alt_fd_unlock.c
Compiling alt_find_dev.c...
nios2-elf-gcc.exe -xc -MP -MMD -c  -I./HAL/inc -I. -I./drivers/inc -pipe -D__hal__ -DALT_NO_INSTRUCTION_EMULATION -DALT_SINGLE_THREADED    -O0 -g -Wall  -mno-hw-div -mno-hw-mul -mno-hw-mulx -mgpopt=global   -o obj/HAL/src/alt_find_dev.o HAL/src/alt_find_dev.c
Compiling alt_find_file.c...
nios2-elf-gcc.exe -xc -MP -MMD -c  -I./HAL/inc -I. -I./drivers/inc -pipe -D__hal__ -DALT_NO_INSTRUCTION_EMULATION -DALT_SINGLE_THREADED    -O0 -g -Wall  -mno-hw-div -mno-hw-mul -mno-hw-mulx -mgpopt=global   -o obj/HAL/src/alt_find_file.o HAL/src/alt_find_file.c
Compiling alt_flash_dev.c...
nios2-elf-gcc.exe -xc -MP -MMD -c  -I./HAL/inc -I. -I./drivers/inc -pipe -D__hal__ -DALT_NO_INSTRUCTION_EMULATION -DALT_SINGLE_THREADED    -O0 -g -Wall  -mno-hw-div -mno-hw-mul -mno-hw-mulx -mgpopt=global   -o obj/HAL/src/alt_flash_dev.o HAL/src/alt_flash_dev.c
Compiling alt_fs_reg.c...
nios2-elf-gcc.exe -xc -MP -MMD -c  -I./HAL/inc -I. -I./drivers/inc -pipe -D__hal__ -DALT_NO_INSTRUCTION_EMULATION -DALT_SINGLE_THREADED    -O0 -g -Wall  -mno-hw-div -mno-hw-mul -mno-hw-mulx -mgpopt=global   -o obj/HAL/src/alt_fs_reg.o HAL/src/alt_fs_reg.c
Compiling alt_fstat.c...
nios2-elf-gcc.exe -xc -MP -MMD -c  -I./HAL/inc -I. -I./drivers/inc -pipe -D__hal__ -DALT_NO_INSTRUCTION_EMULATION -DALT_SINGLE_THREADED    -O0 -g -Wall  -mno-hw-div -mno-hw-mul -mno-hw-mulx -mgpopt=global   -o obj/HAL/src/alt_fstat.o HAL/src/alt_fstat.c
Compiling alt_get_fd.c...
nios2-elf-gcc.exe -xc -MP -MMD -c  -I./HAL/inc -I. -I./drivers/inc -pipe -D__hal__ -DALT_NO_INSTRUCTION_EMULATION -DALT_SINGLE_THREADED    -O0 -g -Wall  -mno-hw-div -mno-hw-mul -mno-hw-mulx -mgpopt=global   -o obj/HAL/src/alt_get_fd.o HAL/src/alt_get_fd.c
Compiling alt_gmon.c...
nios2-elf-gcc.exe -xc -MP -MMD -c  -I./HAL/inc -I. -I./drivers/inc -pipe -D__hal__ -DALT_NO_INSTRUCTION_EMULATION -DALT_SINGLE_THREADED    -O0 -g -Wall  -mno-hw-div -mno-hw-mul -mno-hw-mulx -mgpopt=global   -o obj/HAL/src/alt_gmon.o HAL/src/alt_gmon.c
Compiling alt_icache_flush.c...
nios2-elf-gcc.exe -xc -MP -MMD -c  -I./HAL/inc -I. -I./drivers/inc -pipe -D__hal__ -DALT_NO_INSTRUCTION_EMULATION -DALT_SINGLE_THREADED    -O0 -g -Wall  -mno-hw-div -mno-hw-mul -mno-hw-mulx -mgpopt=global   -o obj/HAL/src/alt_icache_flush.o HAL/src/alt_icache_flush.c
Compiling alt_icache_flush_all.c...
nios2-elf-gcc.exe -xc -MP -MMD -c  -I./HAL/inc -I. -I./drivers/inc -pipe -D__hal__ -DALT_NO_INSTRUCTION_EMULATION -DALT_SINGLE_THREADED    -O0 -g -Wall  -mno-hw-div -mno-hw-mul -mno-hw-mulx -mgpopt=global   -o obj/HAL/src/alt_icache_flush_all.o HAL/src/alt_icache_flush_all.c
Compiling alt_iic.c...
nios2-elf-gcc.exe -xc -MP -MMD -c  -I./HAL/inc -I. -I./drivers/inc -pipe -D__hal__ -DALT_NO_INSTRUCTION_EMULATION -DALT_SINGLE_THREADED    -O0 -g -Wall  -mno-hw-div -mno-hw-mul -mno-hw-mulx -mgpopt=global   -o obj/HAL/src/alt_iic.o HAL/src/alt_iic.c
Compiling alt_iic_isr_register.c...
nios2-elf-gcc.exe -xc -MP -MMD -c  -I./HAL/inc -I. -I./drivers/inc -pipe -D__hal__ -DALT_NO_INSTRUCTION_EMULATION -DALT_SINGLE_THREADED    -O0 -g -Wall  -mno-hw-div -mno-hw-mul -mno-hw-mulx -mgpopt=global   -o obj/HAL/src/alt_iic_isr_register.o HAL/src/alt_iic_isr_register.c
Compiling alt_instruction_exception_entry.c...
nios2-elf-gcc.exe -xc -MP -MMD -c  -I./HAL/inc -I. -I./drivers/inc -pipe -D__hal__ -DALT_NO_INSTRUCTION_EMULATION -DALT_SINGLE_THREADED    -O0 -g -Wall  -mno-hw-div -mno-hw-mul -mno-hw-mulx -mgpopt=global   -o obj/HAL/src/alt_instruction_exception_entry.o HAL/src/alt_instruction_exception_entry.c
Compiling alt_instruction_exception_register.c...
nios2-elf-gcc.exe -xc -MP -MMD -c  -I./HAL/inc -I. -I./drivers/inc -pipe -D__hal__ -DALT_NO_INSTRUCTION_EMULATION -DALT_SINGLE_THREADED    -O0 -g -Wall  -mno-hw-div -mno-hw-mul -mno-hw-mulx -mgpopt=global   -o obj/HAL/src/alt_instruction_exception_register.o HAL/src/alt_instruction_exception_register.c
Compiling alt_io_redirect.c...
nios2-elf-gcc.exe -xc -MP -MMD -c  -I./HAL/inc -I. -I./drivers/inc -pipe -D__hal__ -DALT_NO_INSTRUCTION_EMULATION -DALT_SINGLE_THREADED    -O0 -g -Wall  -mno-hw-div -mno-hw-mul -mno-hw-mulx -mgpopt=global   -o obj/HAL/src/alt_io_redirect.o HAL/src/alt_io_redirect.c
Compiling alt_ioctl.c...
nios2-elf-gcc.exe -xc -MP -MMD -c  -I./HAL/inc -I. -I./drivers/inc -pipe -D__hal__ -DALT_NO_INSTRUCTION_EMULATION -DALT_SINGLE_THREADED    -O0 -g -Wall  -mno-hw-div -mno-hw-mul -mno-hw-mulx -mgpopt=global   -o obj/HAL/src/alt_ioctl.o HAL/src/alt_ioctl.c
Compiling alt_irq_entry.S...
nios2-elf-gcc.exe -MP -MMD -c   -O0 -g -Wall  -mno-hw-div -mno-hw-mul -mno-hw-mulx -mgpopt=global    -I./HAL/inc -I. -I./drivers/inc -pipe -D__hal__ -DALT_NO_INSTRUCTION_EMULATION -DALT_SINGLE_THREADED  -Wa,-gdwarf2  -o obj/HAL/src/alt_irq_entry.o HAL/src/alt_irq_entry.S
Compiling alt_irq_handler.c...
nios2-elf-gcc.exe -xc -MP -MMD -c  -I./HAL/inc -I. -I./drivers/inc -pipe -D__hal__ -DALT_NO_INSTRUCTION_EMULATION -DALT_SINGLE_THREADED    -O0 -g -Wall  -mno-hw-div -mno-hw-mul -mno-hw-mulx -mgpopt=global   -o obj/HAL/src/alt_irq_handler.o HAL/src/alt_irq_handler.c
Compiling alt_irq_register.c...
nios2-elf-gcc.exe -xc -MP -MMD -c  -I./HAL/inc -I. -I./drivers/inc -pipe -D__hal__ -DALT_NO_INSTRUCTION_EMULATION -DALT_SINGLE_THREADED    -O0 -g -Wall  -mno-hw-div -mno-hw-mul -mno-hw-mulx -mgpopt=global   -o obj/HAL/src/alt_irq_register.o HAL/src/alt_irq_register.c
Compiling alt_irq_vars.c...
nios2-elf-gcc.exe -xc -MP -MMD -c  -I./HAL/inc -I. -I./drivers/inc -pipe -D__hal__ -DALT_NO_INSTRUCTION_EMULATION -DALT_SINGLE_THREADED    -O0 -g -Wall  -mno-hw-div -mno-hw-mul -mno-hw-mulx -mgpopt=global   -o obj/HAL/src/alt_irq_vars.o HAL/src/alt_irq_vars.c
Compiling alt_isatty.c...
nios2-elf-gcc.exe -xc -MP -MMD -c  -I./HAL/inc -I. -I./drivers/inc -pipe -D__hal__ -DALT_NO_INSTRUCTION_EMULATION -DALT_SINGLE_THREADED    -O0 -g -Wall  -mno-hw-div -mno-hw-mul -mno-hw-mulx -mgpopt=global   -o obj/HAL/src/alt_isatty.o HAL/src/alt_isatty.c
Compiling alt_lseek.c...
nios2-elf-gcc.exe -xc -MP -MMD -c  -I./HAL/inc -I. -I./drivers/inc -pipe -D__hal__ -DALT_NO_INSTRUCTION_EMULATION -DALT_SINGLE_THREADED    -O0 -g -Wall  -mno-hw-div -mno-hw-mul -mno-hw-mulx -mgpopt=global   -o obj/HAL/src/alt_lseek.o HAL/src/alt_lseek.c
Compiling alt_main.c...
nios2-elf-gcc.exe -xc -MP -MMD -c  -I./HAL/inc -I. -I./drivers/inc -pipe -D__hal__ -DALT_NO_INSTRUCTION_EMULATION -DALT_SINGLE_THREADED    -O0 -g -Wall  -mno-hw-div -mno-hw-mul -mno-hw-mulx -mgpopt=global   -o obj/HAL/src/alt_main.o HAL/src/alt_main.c
Compiling alt_open.c...
nios2-elf-gcc.exe -xc -MP -MMD -c  -I./HAL/inc -I. -I./drivers/inc -pipe -D__hal__ -DALT_NO_INSTRUCTION_EMULATION -DALT_SINGLE_THREADED    -O0 -g -Wall  -mno-hw-div -mno-hw-mul -mno-hw-mulx -mgpopt=global   -o obj/HAL/src/alt_open.o HAL/src/alt_open.c
Compiling alt_read.c...
nios2-elf-gcc.exe -xc -MP -MMD -c  -I./HAL/inc -I. -I./drivers/inc -pipe -D__hal__ -DALT_NO_INSTRUCTION_EMULATION -DALT_SINGLE_THREADED    -O0 -g -Wall  -mno-hw-div -mno-hw-mul -mno-hw-mulx -mgpopt=global   -o obj/HAL/src/alt_read.o HAL/src/alt_read.c
Compiling alt_release_fd.c...
nios2-elf-gcc.exe -xc -MP -MMD -c  -I./HAL/inc -I. -I./drivers/inc -pipe -D__hal__ -DALT_NO_INSTRUCTION_EMULATION -DALT_SINGLE_THREADED    -O0 -g -Wall  -mno-hw-div -mno-hw-mul -mno-hw-mulx -mgpopt=global   -o obj/HAL/src/alt_release_fd.o HAL/src/alt_release_fd.c
Compiling alt_remap_cached.c...
nios2-elf-gcc.exe -xc -MP -MMD -c  -I./HAL/inc -I. -I./drivers/inc -pipe -D__hal__ -DALT_NO_INSTRUCTION_EMULATION -DALT_SINGLE_THREADED    -O0 -g -Wall  -mno-hw-div -mno-hw-mul -mno-hw-mulx -mgpopt=global   -o obj/HAL/src/alt_remap_cached.o HAL/src/alt_remap_cached.c
Compiling alt_remap_uncached.c...
nios2-elf-gcc.exe -xc -MP -MMD -c  -I./HAL/inc -I. -I./drivers/inc -pipe -D__hal__ -DALT_NO_INSTRUCTION_EMULATION -DALT_SINGLE_THREADED    -O0 -g -Wall  -mno-hw-div -mno-hw-mul -mno-hw-mulx -mgpopt=global   -o obj/HAL/src/alt_remap_uncached.o HAL/src/alt_remap_uncached.c
Compiling alt_sbrk.c...
nios2-elf-gcc.exe -xc -MP -MMD -c  -I./HAL/inc -I. -I./drivers/inc -pipe -D__hal__ -DALT_NO_INSTRUCTION_EMULATION -DALT_SINGLE_THREADED    -O0 -g -Wall  -mno-hw-div -mno-hw-mul -mno-hw-mulx -mgpopt=global   -o obj/HAL/src/alt_sbrk.o HAL/src/alt_sbrk.c
Compiling alt_software_exception.S...
nios2-elf-gcc.exe -MP -MMD -c   -O0 -g -Wall  -mno-hw-div -mno-hw-mul -mno-hw-mulx -mgpopt=global    -I./HAL/inc -I. -I./drivers/inc -pipe -D__hal__ -DALT_NO_INSTRUCTION_EMULATION -DALT_SINGLE_THREADED  -Wa,-gdwarf2  -o obj/HAL/src/alt_software_exception.o HAL/src/alt_software_exception.S
Compiling alt_tick.c...
nios2-elf-gcc.exe -xc -MP -MMD -c  -I./HAL/inc -I. -I./drivers/inc -pipe -D__hal__ -DALT_NO_INSTRUCTION_EMULATION -DALT_SINGLE_THREADED    -O0 -g -Wall  -mno-hw-div -mno-hw-mul -mno-hw-mulx -mgpopt=global   -o obj/HAL/src/alt_tick.o HAL/src/alt_tick.c
Compiling alt_uncached_free.c...
nios2-elf-gcc.exe -xc -MP -MMD -c  -I./HAL/inc -I. -I./drivers/inc -pipe -D__hal__ -DALT_NO_INSTRUCTION_EMULATION -DALT_SINGLE_THREADED    -O0 -g -Wall  -mno-hw-div -mno-hw-mul -mno-hw-mulx -mgpopt=global   -o obj/HAL/src/alt_uncached_free.o HAL/src/alt_uncached_free.c
Compiling alt_uncached_malloc.c...
nios2-elf-gcc.exe -xc -MP -MMD -c  -I./HAL/inc -I. -I./drivers/inc -pipe -D__hal__ -DALT_NO_INSTRUCTION_EMULATION -DALT_SINGLE_THREADED    -O0 -g -Wall  -mno-hw-div -mno-hw-mul -mno-hw-mulx -mgpopt=global   -o obj/HAL/src/alt_uncached_malloc.o HAL/src/alt_uncached_malloc.c
Compiling alt_write.c...
nios2-elf-gcc.exe -xc -MP -MMD -c  -I./HAL/inc -I. -I./drivers/inc -pipe -D__hal__ -DALT_NO_INSTRUCTION_EMULATION -DALT_SINGLE_THREADED    -O0 -g -Wall  -mno-hw-div -mno-hw-mul -mno-hw-mulx -mgpopt=global   -o obj/HAL/src/alt_write.o HAL/src/alt_write.c
Compiling altera_nios2_gen2_irq.c...
nios2-elf-gcc.exe -xc -MP -MMD -c  -I./HAL/inc -I. -I./drivers/inc -pipe -D__hal__ -DALT_NO_INSTRUCTION_EMULATION -DALT_SINGLE_THREADED    -O0 -g -Wall  -mno-hw-div -mno-hw-mul -mno-hw-mulx -mgpopt=global   -o obj/HAL/src/altera_nios2_gen2_irq.o HAL/src/altera_nios2_gen2_irq.c
Compiling crt0.S...
nios2-elf-gcc.exe -MP -MMD -c   -O0 -g -Wall  -mno-hw-div -mno-hw-mul -mno-hw-mulx -mgpopt=global    -I./HAL/inc -I. -I./drivers/inc -pipe -D__hal__ -DALT_NO_INSTRUCTION_EMULATION -DALT_SINGLE_THREADED  -Wa,-gdwarf2  -o obj/HAL/src/crt0.o HAL/src/crt0.S
Compiling alt_sys_init.c...
nios2-elf-gcc.exe -xc -MP -MMD -c  -I./HAL/inc -I. -I./drivers/inc -pipe -D__hal__ -DALT_NO_INSTRUCTION_EMULATION -DALT_SINGLE_THREADED    -O0 -g -Wall  -mno-hw-div -mno-hw-mul -mno-hw-mulx -mgpopt=global   -o obj/alt_sys_init.o alt_sys_init.c
Compiling altera_avalon_jtag_uart_fd.c...
nios2-elf-gcc.exe -xc -MP -MMD -c  -I./HAL/inc -I. -I./drivers/inc -pipe -D__hal__ -DALT_NO_INSTRUCTION_EMULATION -DALT_SINGLE_THREADED    -O0 -g -Wall  -mno-hw-div -mno-hw-mul -mno-hw-mulx -mgpopt=global   -o obj/drivers/src/altera_avalon_jtag_uart_fd.o drivers/src/altera_avalon_jtag_uart_fd.c
Compiling altera_avalon_jtag_uart_init.c...
nios2-elf-gcc.exe -xc -MP -MMD -c  -I./HAL/inc -I. -I./drivers/inc -pipe -D__hal__ -DALT_NO_INSTRUCTION_EMULATION -DALT_SINGLE_THREADED    -O0 -g -Wall  -mno-hw-div -mno-hw-mul -mno-hw-mulx -mgpopt=global   -o obj/drivers/src/altera_avalon_jtag_uart_init.o drivers/src/altera_avalon_jtag_uart_init.c
Compiling altera_avalon_jtag_uart_ioctl.c...
nios2-elf-gcc.exe -xc -MP -MMD -c  -I./HAL/inc -I. -I./drivers/inc -pipe -D__hal__ -DALT_NO_INSTRUCTION_EMULATION -DALT_SINGLE_THREADED    -O0 -g -Wall  -mno-hw-div -mno-hw-mul -mno-hw-mulx -mgpopt=global   -o obj/drivers/src/altera_avalon_jtag_uart_ioctl.o drivers/src/altera_avalon_jtag_uart_ioctl.c
Compiling altera_avalon_jtag_uart_read.c...
nios2-elf-gcc.exe -xc -MP -MMD -c  -I./HAL/inc -I. -I./drivers/inc -pipe -D__hal__ -DALT_NO_INSTRUCTION_EMULATION -DALT_SINGLE_THREADED    -O0 -g -Wall  -mno-hw-div -mno-hw-mul -mno-hw-mulx -mgpopt=global   -o obj/drivers/src/altera_avalon_jtag_uart_read.o drivers/src/altera_avalon_jtag_uart_read.c
Compiling altera_avalon_jtag_uart_write.c...
nios2-elf-gcc.exe -xc -MP -MMD -c  -I./HAL/inc -I. -I./drivers/inc -pipe -D__hal__ -DALT_NO_INSTRUCTION_EMULATION -DALT_SINGLE_THREADED    -O0 -g -Wall  -mno-hw-div -mno-hw-mul -mno-hw-mulx -mgpopt=global   -o obj/drivers/src/altera_avalon_jtag_uart_write.o drivers/src/altera_avalon_jtag_uart_write.c
Compiling altera_avalon_sysid_qsys.c...
nios2-elf-gcc.exe -xc -MP -MMD -c  -I./HAL/inc -I. -I./drivers/inc -pipe -D__hal__ -DALT_NO_INSTRUCTION_EMULATION -DALT_SINGLE_THREADED    -O0 -g -Wall  -mno-hw-div -mno-hw-mul -mno-hw-mulx -mgpopt=global   -o obj/drivers/src/altera_avalon_sysid_qsys.o drivers/src/altera_avalon_sysid_qsys.c
Compiling altera_avalon_timer_sc.c...
nios2-elf-gcc.exe -xc -MP -MMD -c  -I./HAL/inc -I. -I./drivers/inc -pipe -D__hal__ -DALT_NO_INSTRUCTION_EMULATION -DALT_SINGLE_THREADED    -O0 -g -Wall  -mno-hw-div -mno-hw-mul -mno-hw-mulx -mgpopt=global   -o obj/drivers/src/altera_avalon_timer_sc.o drivers/src/altera_avalon_timer_sc.c
Compiling altera_avalon_timer_ts.c...
nios2-elf-gcc.exe -xc -MP -MMD -c  -I./HAL/inc -I. -I./drivers/inc -pipe -D__hal__ -DALT_NO_INSTRUCTION_EMULATION -DALT_SINGLE_THREADED    -O0 -g -Wall  -mno-hw-div -mno-hw-mul -mno-hw-mulx -mgpopt=global   -o obj/drivers/src/altera_avalon_timer_ts.o drivers/src/altera_avalon_timer_ts.c
Compiling altera_avalon_timer_vars.c...
nios2-elf-gcc.exe -xc -MP -MMD -c  -I./HAL/inc -I. -I./drivers/inc -pipe -D__hal__ -DALT_NO_INSTRUCTION_EMULATION -DALT_SINGLE_THREADED    -O0 -g -Wall  -mno-hw-div -mno-hw-mul -mno-hw-mulx -mgpopt=global   -o obj/drivers/src/altera_avalon_timer_vars.o drivers/src/altera_avalon_timer_vars.c
Creating libhal_bsp.a...
rm -f -f libhal_bsp.a
nios2-elf-ar.exe -src libhal_bsp.a obj/HAL/src/alt_alarm_start.o obj/HAL/src/alt_busy_sleep.o obj/HAL/src/alt_close.o obj/HAL/src/alt_dcache_flush.o obj/HAL/src/alt_dcache_flush_all.o obj/HAL/src/alt_dcache_flush_no_writeback.o obj/HAL/src/alt_dev.o obj/HAL/src/alt_dev_llist_insert.o obj/HAL/src/alt_dma_rxchan_open.o obj/HAL/src/alt_dma_txchan_open.o obj/HAL/src/alt_do_ctors.o obj/HAL/src/alt_do_dtors.o obj/HAL/src/alt_ecc_fatal_entry.o obj/HAL/src/alt_ecc_fatal_exception.o obj/HAL/src/alt_env_lock.o obj/HAL/src/alt_environ.o obj/HAL/src/alt_errno.o obj/HAL/src/alt_exception_entry.o obj/HAL/src/alt_exception_muldiv.o obj/HAL/src/alt_exception_trap.o obj/HAL/src/alt_execve.o obj/HAL/src/alt_exit.o obj/HAL/src/alt_fcntl.o obj/HAL/src/alt_fd_lock.o obj/HAL/src/alt_fd_unlock.o obj/HAL/src/alt_find_dev.o obj/HAL/src/alt_find_file.o obj/HAL/src/alt_flash_dev.o obj/HAL/src/alt_fork.o obj/HAL/src/alt_fs_reg.o obj/HAL/src/alt_fstat.o obj/HAL/src/alt_get_fd.o obj/HAL/src/alt_getchar.o obj/HAL/src/alt_getpid.o obj/HAL/src/alt_gettod.o obj/HAL/src/alt_gmon.o obj/HAL/src/alt_icache_flush.o obj/HAL/src/alt_icache_flush_all.o obj/HAL/src/alt_iic.o obj/HAL/src/alt_iic_isr_register.o obj/HAL/src/alt_instruction_exception_entry.o obj/HAL/src/alt_instruction_exception_register.o obj/HAL/src/alt_io_redirect.o obj/HAL/src/alt_ioctl.o obj/HAL/src/alt_irq_entry.o obj/HAL/src/alt_irq_handler.o obj/HAL/src/alt_irq_register.o obj/HAL/src/alt_irq_vars.o obj/HAL/src/alt_isatty.o obj/HAL/src/alt_kill.o obj/HAL/src/alt_link.o obj/HAL/src/alt_load.o obj/HAL/src/alt_log_macro.o obj/HAL/src/alt_log_printf.o obj/HAL/src/alt_lseek.o obj/HAL/src/alt_main.o obj/HAL/src/alt_malloc_lock.o obj/HAL/src/alt_mcount.o obj/HAL/src/alt_open.o obj/HAL/src/alt_printf.o obj/HAL/src/alt_putchar.o obj/HAL/src/alt_putcharbuf.o obj/HAL/src/alt_putstr.o obj/HAL/src/alt_read.o obj/HAL/src/alt_release_fd.o obj/HAL/src/alt_remap_cached.o obj/HAL/src/alt_remap_uncached.o obj/HAL/src/alt_rename.o obj/HAL/src/alt_sbrk.o obj/HAL/src/alt_settod.o obj/HAL/src/alt_software_exception.o obj/HAL/src/alt_stat.o obj/HAL/src/alt_tick.o obj/HAL/src/alt_times.o obj/HAL/src/alt_uncached_free.o obj/HAL/src/alt_uncached_malloc.o obj/HAL/src/alt_unlink.o obj/HAL/src/alt_usleep.o obj/HAL/src/alt_wait.o obj/HAL/src/alt_write.o obj/HAL/src/altera_nios2_gen2_irq.o obj/HAL/src/crt0.o obj/alt_sys_init.o obj/drivers/src/altera_avalon_jtag_uart_fd.o obj/drivers/src/altera_avalon_jtag_uart_init.o obj/drivers/src/altera_avalon_jtag_uart_ioctl.o obj/drivers/src/altera_avalon_jtag_uart_read.o obj/drivers/src/altera_avalon_jtag_uart_write.o obj/drivers/src/altera_avalon_sysid_qsys.o obj/drivers/src/altera_avalon_timer_sc.o obj/drivers/src/altera_avalon_timer_ts.o obj/drivers/src/altera_avalon_timer_vars.o
[BSP build complete]
Info: Compiling main.c to obj/default/main.o
nios2-elf-gcc.exe -xc -MP -MMD -c -Ic:/Users/jiaru/GitHub/ECE385-FPGA-lab/lab9/software/lab9_bsp//HAL/inc -Ic:/Users/jiaru/GitHub/ECE385-FPGA-lab/lab9/software/lab9_bsp/ -Ic:/Users/jiaru/GitHub/ECE385-FPGA-lab/lab9/software/lab9_bsp//drivers/inc  -pipe -D__hal__ -DALT_NO_INSTRUCTION_EMULATION -DALT_SINGLE_THREADED    -O0 -g -Wall   -mno-hw-div -mno-hw-mul -mno-hw-mulx -mgpopt=global  -o obj/default/main.o main.c
main.c: In function 'MixColumn':
main.c:106:2: warning: this 'for' clause does not guard... [-Wmisleading-indentation]
  106 |  for (i = 0; i < 4; i++)
      |  ^~~
main.c:111:3: note: ...this statement, but the latter is misleadingly indented as if it were guarded by the 'for'
  111 |   b[0] = xtime(a[0]) ^ (xtime(a[1]) ^ a[1]) ^ a[2] ^ a[3];
      |   ^
main.c: In function 'ShiftRows':
main.c:128:3: warning: this 'for' clause does not guard... [-Wmisleading-indentation]
  128 |   for (int i =0; i < row; i++)
      |   ^~~
main.c:130:4: note: ...this statement, but the latter is misleadingly indented as if it were guarded by the 'for'
  130 |    state[4*row] = state[4*row + 1];
      |    ^~~~~
main.c: In function 'encrypt':
main.c:223:10: warning: assignment to 'unsigned int *' from incompatible pointer type 'unsigned char *' [-Wincompatible-pointer-types]
  223 |  msg_enc = state;
      |          ^
Info: Linking lab9.elf
nios2-elf-g++.exe  -T'c:/Users/jiaru/GitHub/ECE385-FPGA-lab/lab9/software/lab9_bsp//linker.x' -msys-crt0='c:/Users/jiaru/GitHub/ECE385-FPGA-lab/lab9/software/lab9_bsp//obj/HAL/src/crt0.o' -msys-lib=hal_bsp -Lc:/Users/jiaru/GitHub/ECE385-FPGA-lab/lab9/software/lab9_bsp/   -Wl,-Map=lab9.map   -O0 -g -Wall   -mno-hw-div -mno-hw-mul -mno-hw-mulx -mgpopt=global  -o lab9.elf obj/default/main.o -lm -msys-lib=m
nios2-elf-insert.exe lab9.elf --thread_model hal --cpu_name nios2_gen2_0 --qsys true --simulation_enabled false --id 0 --sidp 0x28 --timestamp 1637761290 --stderr_dev jtag_uart_0 --stdin_dev jtag_uart_0 --stdout_dev jtag_uart_0 --sopc_system_name lab9_soc --quartus_project_dir "c:/Users/jiaru/GitHub/ECE385-FPGA-lab/lab9" --jdi ../..//output_files/lab9.jdi
Info: (lab9.elf) 114 KBytes program size (code + initialized data).
Info:            130948 KBytes free for stack + heap.
Info: Creating lab9.objdump
nios2-elf-objdump.exe --disassemble --syms --all-header --source lab9.elf >lab9.objdump
[lab9 build complete]
21:47:05 **** Build of configuration Nios II for project lab9_bsp ****
wsl make all 
[BSP build complete]
21:47:55 **** Incremental Build of configuration Nios II for project lab9 ****
wsl make all 
Info: Building /mnt/c/Users/jiaru/GitHub/ECE385-FPGA-lab/lab9/software/lab9_bsp/
make --no-print-directory -C /mnt/c/Users/jiaru/GitHub/ECE385-FPGA-lab/lab9/software/lab9_bsp/
[BSP build complete]
[lab9 build complete]
21:50:21 **** Build of configuration Nios II for project lab9 ****
wsl make all 
Info: Building /mnt/c/Users/jiaru/GitHub/ECE385-FPGA-lab/lab9/software/lab9_bsp/
make --no-print-directory -C /mnt/c/Users/jiaru/GitHub/ECE385-FPGA-lab/lab9/software/lab9_bsp/
[BSP build complete]
[lab9 build complete]
21:50:22 **** Build of configuration Nios II for project lab9_bsp ****
wsl make all 
[BSP build complete]
21:50:48 **** Incremental Build of configuration Nios II for project lab9 ****
wsl make all 
Info: Building /mnt/c/Users/jiaru/GitHub/ECE385-FPGA-lab/lab9/software/lab9_bsp/
make --no-print-directory -C /mnt/c/Users/jiaru/GitHub/ECE385-FPGA-lab/lab9/software/lab9_bsp/
[BSP build complete]
[lab9 build complete]
21:51:37 **** Incremental Build of configuration Nios II for project lab9 ****
wsl make all 
Info: Building /mnt/c/Users/jiaru/GitHub/ECE385-FPGA-lab/lab9/software/lab9_bsp/
make --no-print-directory -C /mnt/c/Users/jiaru/GitHub/ECE385-FPGA-lab/lab9/software/lab9_bsp/
[BSP build complete]
[lab9 build complete]
21:52:26 **** Incremental Build of configuration Nios II for project lab9 ****
wsl make all 
Info: Building /mnt/c/Users/jiaru/GitHub/ECE385-FPGA-lab/lab9/software/lab9_bsp/
make --no-print-directory -C /mnt/c/Users/jiaru/GitHub/ECE385-FPGA-lab/lab9/software/lab9_bsp/
[BSP build complete]
[lab9 build complete]
21:52:59 **** Incremental Build of configuration Nios II for project lab9 ****
wsl make all 
Info: Building /mnt/c/Users/jiaru/GitHub/ECE385-FPGA-lab/lab9/software/lab9_bsp/
make --no-print-directory -C /mnt/c/Users/jiaru/GitHub/ECE385-FPGA-lab/lab9/software/lab9_bsp/
[BSP build complete]
[lab9 build complete]
21:53:00 **** Incremental Build of configuration Nios II for project lab9 ****
wsl make all 
Info: Building /mnt/c/Users/jiaru/GitHub/ECE385-FPGA-lab/lab9/software/lab9_bsp/
make --no-print-directory -C /mnt/c/Users/jiaru/GitHub/ECE385-FPGA-lab/lab9/software/lab9_bsp/
[BSP build complete]
[lab9 build complete]
21:54:05 **** Incremental Build of configuration Nios II for project lab9 ****
wsl make all 
Info: Building /mnt/c/Users/jiaru/GitHub/ECE385-FPGA-lab/lab9/software/lab9_bsp/
make --no-print-directory -C /mnt/c/Users/jiaru/GitHub/ECE385-FPGA-lab/lab9/software/lab9_bsp/
[BSP build complete]
[lab9 build complete]
21:55:52 **** Build of configuration Nios II for project lab9 ****
wsl make all 
Info: Building /mnt/c/Users/jiaru/GitHub/ECE385-FPGA-lab/lab9/software/lab9_bsp/
make --no-print-directory -C /mnt/c/Users/jiaru/GitHub/ECE385-FPGA-lab/lab9/software/lab9_bsp/
[BSP build complete]
[lab9 build complete]
21:56:47 **** Build of configuration Nios II for project lab9 ****
wsl make all 
Info: Building /mnt/c/Users/jiaru/GitHub/ECE385-FPGA-lab/lab9/software/lab9_bsp/
make --no-print-directory -C /mnt/c/Users/jiaru/GitHub/ECE385-FPGA-lab/lab9/software/lab9_bsp/
[BSP build complete]
[lab9 build complete]
21:56:47 **** Build of configuration Nios II for project lab9_bsp ****
wsl make all 
[BSP build complete]
21:56:50 **** Incremental Build of configuration Nios II for project lab9 ****
wsl make all 
Info: Building /mnt/c/Users/jiaru/GitHub/ECE385-FPGA-lab/lab9/software/lab9_bsp/
make --no-print-directory -C /mnt/c/Users/jiaru/GitHub/ECE385-FPGA-lab/lab9/software/lab9_bsp/
[BSP build complete]
[lab9 build complete]
21:58:01 **** Build of configuration Nios II for project lab9 ****
wsl make all 
Info: Building /mnt/c/Users/jiaru/GitHub/ECE385-FPGA-lab/lab9/software/lab9_bsp/
make --no-print-directory -C /mnt/c/Users/jiaru/GitHub/ECE385-FPGA-lab/lab9/software/lab9_bsp/
[BSP build complete]
[lab9 build complete]
21:58:02 **** Build of configuration Nios II for project lab9_bsp ****
wsl make all 
[BSP build complete]
21:58:03 **** Incremental Build of configuration Nios II for project lab9 ****
wsl make all 
Info: Building /mnt/c/Users/jiaru/GitHub/ECE385-FPGA-lab/lab9/software/lab9_bsp/
make --no-print-directory -C /mnt/c/Users/jiaru/GitHub/ECE385-FPGA-lab/lab9/software/lab9_bsp/
[BSP build complete]
[lab9 build complete]
